2024-12-18 15:28:58,212 INFO [main]	register protocol:1 success
2024-12-18 15:28:58,236 INFO [main]	register protocol:29 success
2024-12-18 15:28:58,237 INFO [main]	register protocol:4 success
2024-12-18 15:28:58,239 INFO [main]	register protocol:3 success
2024-12-18 15:28:58,239 INFO [main]	register protocol:31 success
2024-12-18 15:28:58,239 INFO [main]	register protocol:28 success
2024-12-18 15:28:58,240 INFO [main]	register protocol:32 success
2024-12-18 15:28:58,240 INFO [main]	register protocol:33 success
2024-12-18 15:28:58,240 INFO [main]	register protocol:30 success
2024-12-18 15:28:58,241 INFO [main]	register load balance factory:RandomLoadBalanceFactory success
2024-12-18 15:28:58,241 INFO [main]	register load balance factory:RoundRobinLoadBalanceFactory success
2024-12-18 15:28:58,241 INFO [main]	register load balance factory:WeightLoadBalanceFactory success
2024-12-18 15:28:58,242 INFO [main]	register load balance factory:FairLoadBalanceFactory success
2024-12-18 15:28:58,248 INFO [main]	create thread:timeout-timer-thread-1
2024-12-18 15:28:58,249 INFO [main]	create thread:health-check-timer-thread-1
2024-12-18 15:28:58,250 INFO [main]	create thread:fairStrategy-timer-thread-1
2024-12-18 15:28:58,251 INFO [main]	create thread:client-work-thread-1
2024-12-18 15:28:58,251 INFO [main]	create thread:client-work-thread-2
2024-12-18 15:28:58,251 INFO [main]	create thread:client-work-thread-3
2024-12-18 15:28:58,251 INFO [main]	create thread:client-work-thread-4
2024-12-18 15:28:58,251 INFO [main]	create thread:client-work-thread-5
2024-12-18 15:28:58,251 INFO [main]	create thread:client-work-thread-6
2024-12-18 15:28:58,251 INFO [main]	create thread:client-work-thread-7
2024-12-18 15:28:58,251 INFO [main]	create thread:client-work-thread-8
2024-12-18 15:28:58,251 INFO [main]	create thread:client-work-thread-9
2024-12-18 15:28:58,251 INFO [main]	create thread:client-work-thread-10
2024-12-18 15:28:58,252 INFO [main]	create thread:client-work-thread-11
2024-12-18 15:28:58,307 INFO [main]	create thread:client-io-thread-1
2024-12-18 15:28:59,314 WARN [main]	init min idle object pool failed
2024-12-18 15:28:59,320 INFO [main]	create thread:client-io-thread-2
2024-12-18 15:29:00,323 WARN [main]	init min idle object pool failed
2024-12-18 15:29:00,325 INFO [main]	create thread:client-io-thread-3
2024-12-18 15:29:01,329 WARN [main]	init min idle object pool failed
2024-12-18 15:29:01,389 INFO [main]	create thread:client-io-thread-4
2024-12-18 15:29:02,393 INFO [main]	create thread:client-io-thread-5
2024-12-18 15:29:03,398 INFO [main]	create thread:client-io-thread-6
2024-12-18 15:29:04,402 ERROR [main]	exception :
com.baidu.brpc.exceptions.RpcException: com.baidu.brpc.exceptions.RpcException: channel pool make new object failed, active=0,idle=0,server=192.168.227.117:8053, ex=connection timed out: /192.168.227.117:8053
	at com.baidu.brpc.client.BrpcProxy.intercept(BrpcProxy.java:268) [brpc-java-2.5.9.jar:?]
	at com.github.raftimpl.raft.example.server.service.ExampleService$$EnhancerByCGLIB$$b85a9f0d.get(<generated>) [raft-java-example-1.9.0.jar:?]
	at com.github.raftimpl.raft.example.client.ClientMain.main(ClientMain.java:47) [raft-java-example-1.9.0.jar:?]
Caused by: com.baidu.brpc.exceptions.RpcException: channel pool make new object failed, active=0,idle=0,server=192.168.227.117:8053, ex=connection timed out: /192.168.227.117:8053
	at com.baidu.brpc.client.RpcClient.selectChannel(RpcClient.java:331) ~[brpc-java-2.5.9.jar:?]
	at com.baidu.brpc.client.RpcClient.sendRequest(RpcClient.java:389) ~[brpc-java-2.5.9.jar:?]
	at com.baidu.brpc.interceptor.LoadBalanceInterceptor.rpcCore(LoadBalanceInterceptor.java:88) ~[brpc-java-2.5.9.jar:?]
	at com.baidu.brpc.interceptor.LoadBalanceInterceptor.invokeRpc(LoadBalanceInterceptor.java:82) ~[brpc-java-2.5.9.jar:?]
	at com.baidu.brpc.interceptor.LoadBalanceInterceptor.aroundProcess(LoadBalanceInterceptor.java:62) ~[brpc-java-2.5.9.jar:?]
	at com.baidu.brpc.interceptor.DefaultInterceptorChain.intercept(DefaultInterceptorChain.java:43) ~[brpc-java-2.5.9.jar:?]
	at com.baidu.brpc.interceptor.AbstractInterceptor.aroundProcess(AbstractInterceptor.java:35) ~[brpc-java-2.5.9.jar:?]
	at com.baidu.brpc.interceptor.ClientTraceInterceptor.aroundProcess(ClientTraceInterceptor.java:40) ~[brpc-java-2.5.9.jar:?]
	at com.baidu.brpc.interceptor.DefaultInterceptorChain.intercept(DefaultInterceptorChain.java:43) ~[brpc-java-2.5.9.jar:?]
	at com.baidu.brpc.client.BrpcProxy.intercept(BrpcProxy.java:266) ~[brpc-java-2.5.9.jar:?]
	... 2 more
Caused by: io.netty.channel.ConnectTimeoutException: connection timed out: /192.168.227.117:8053
	at io.netty.channel.nio.AbstractNioChannel$AbstractNioUnsafe$1.run(AbstractNioChannel.java:261) ~[netty-all-4.1.42.Final.jar:4.1.42.Final]
	at io.netty.util.concurrent.PromiseTask$RunnableAdapter.call(PromiseTask.java:38) ~[netty-all-4.1.42.Final.jar:4.1.42.Final]
	at io.netty.util.concurrent.ScheduledFutureTask.run(ScheduledFutureTask.java:139) ~[netty-all-4.1.42.Final.jar:4.1.42.Final]
	at io.netty.util.concurrent.AbstractEventExecutor.safeExecute(AbstractEventExecutor.java:163) ~[netty-all-4.1.42.Final.jar:4.1.42.Final]
	at io.netty.util.concurrent.SingleThreadEventExecutor.runAllTasks(SingleThreadEventExecutor.java:510) ~[netty-all-4.1.42.Final.jar:4.1.42.Final]
	at io.netty.channel.nio.NioEventLoop.run(NioEventLoop.java:518) ~[netty-all-4.1.42.Final.jar:4.1.42.Final]
	at io.netty.util.concurrent.SingleThreadEventExecutor$6.run(SingleThreadEventExecutor.java:1044) ~[netty-all-4.1.42.Final.jar:4.1.42.Final]
	at io.netty.util.internal.ThreadExecutorMap$2.run(ThreadExecutorMap.java:74) ~[netty-all-4.1.42.Final.jar:4.1.42.Final]
	at io.netty.util.concurrent.FastThreadLocalRunnable.run(FastThreadLocalRunnable.java:30) ~[netty-all-4.1.42.Final.jar:4.1.42.Final]
	at java.lang.Thread.run(Thread.java:829) ~[?:?]
2024-12-18 15:29:04,414 INFO [Thread-0]	Brpc do clean work...
2024-12-18 15:29:04,415 INFO [Thread-0]	invoke shutdownGlobalThreadPools
2024-12-18 15:35:33,395 INFO [main]	register protocol:1 success
2024-12-18 15:35:33,419 INFO [main]	register protocol:29 success
2024-12-18 15:35:33,420 INFO [main]	register protocol:4 success
2024-12-18 15:35:33,422 INFO [main]	register protocol:3 success
2024-12-18 15:35:33,423 INFO [main]	register protocol:31 success
2024-12-18 15:35:33,423 INFO [main]	register protocol:28 success
2024-12-18 15:35:33,423 INFO [main]	register protocol:32 success
2024-12-18 15:35:33,424 INFO [main]	register protocol:33 success
2024-12-18 15:35:33,424 INFO [main]	register protocol:30 success
2024-12-18 15:35:33,425 INFO [main]	register load balance factory:RandomLoadBalanceFactory success
2024-12-18 15:35:33,425 INFO [main]	register load balance factory:RoundRobinLoadBalanceFactory success
2024-12-18 15:35:33,425 INFO [main]	register load balance factory:WeightLoadBalanceFactory success
2024-12-18 15:35:33,425 INFO [main]	register load balance factory:FairLoadBalanceFactory success
2024-12-18 15:35:33,429 INFO [main]	create thread:server-work-thread-1
2024-12-18 15:35:33,429 INFO [main]	create thread:server-work-thread-2
2024-12-18 15:35:33,429 INFO [main]	create thread:server-work-thread-3
2024-12-18 15:35:33,429 INFO [main]	create thread:server-work-thread-4
2024-12-18 15:35:33,429 INFO [main]	create thread:server-work-thread-5
2024-12-18 15:35:33,429 INFO [main]	create thread:server-work-thread-6
2024-12-18 15:35:33,429 INFO [main]	create thread:server-work-thread-7
2024-12-18 15:35:33,429 INFO [main]	create thread:server-work-thread-8
2024-12-18 15:35:33,430 INFO [main]	create thread:server-work-thread-9
2024-12-18 15:35:33,430 INFO [main]	create thread:server-work-thread-10
2024-12-18 15:35:33,430 INFO [main]	create thread:server-work-thread-11
2024-12-18 15:35:33,430 INFO [main]	create thread:server-work-thread-12
2024-12-18 15:35:33,430 INFO [main]	create thread:server-work-thread-13
2024-12-18 15:35:33,430 INFO [main]	create thread:server-work-thread-14
2024-12-18 15:35:33,430 INFO [main]	create thread:server-work-thread-15
2024-12-18 15:35:33,430 INFO [main]	create thread:server-work-thread-16
2024-12-18 15:35:33,430 INFO [main]	create thread:server-work-thread-17
2024-12-18 15:35:33,430 INFO [main]	create thread:server-work-thread-18
2024-12-18 15:35:33,430 INFO [main]	create thread:server-work-thread-19
2024-12-18 15:35:33,430 INFO [main]	create thread:server-work-thread-20
2024-12-18 15:35:33,431 INFO [main]	create thread:server-work-thread-21
2024-12-18 15:35:33,431 INFO [main]	create thread:server-work-thread-22
2024-12-18 15:35:33,431 INFO [main]	create thread:server-work-thread-23
2024-12-18 15:35:33,431 INFO [main]	create thread:server-work-thread-24
2024-12-18 15:35:33,431 INFO [main]	create thread:server-work-thread-25
2024-12-18 15:35:33,431 INFO [main]	create thread:server-work-thread-26
2024-12-18 15:35:33,431 INFO [main]	create thread:server-work-thread-27
2024-12-18 15:35:33,431 INFO [main]	create thread:server-work-thread-28
2024-12-18 15:35:33,431 INFO [main]	create thread:server-work-thread-29
2024-12-18 15:35:33,431 INFO [main]	create thread:server-work-thread-30
2024-12-18 15:35:33,431 INFO [main]	create thread:server-work-thread-31
2024-12-18 15:35:33,432 INFO [main]	create thread:server-work-thread-32
2024-12-18 15:35:33,432 INFO [main]	create thread:server-work-thread-33
2024-12-18 15:35:33,432 INFO [main]	create thread:server-work-thread-34
2024-12-18 15:35:33,432 INFO [main]	create thread:server-work-thread-35
2024-12-18 15:35:33,432 INFO [main]	create thread:server-work-thread-36
2024-12-18 15:35:33,432 INFO [main]	create thread:server-work-thread-37
2024-12-18 15:35:33,432 INFO [main]	create thread:server-work-thread-38
2024-12-18 15:35:33,432 INFO [main]	create thread:server-work-thread-39
2024-12-18 15:35:33,432 INFO [main]	create thread:server-work-thread-40
2024-12-18 15:35:33,432 INFO [main]	create thread:server-work-thread-41
2024-12-18 15:35:33,432 INFO [main]	create thread:server-work-thread-42
2024-12-18 15:35:33,432 INFO [main]	create thread:server-work-thread-43
2024-12-18 15:35:33,432 INFO [main]	create thread:server-work-thread-44
2024-12-18 15:35:33,432 INFO [main]	create thread:server-work-thread-45
2024-12-18 15:35:33,432 INFO [main]	create thread:server-work-thread-46
2024-12-18 15:35:33,432 INFO [main]	create thread:server-work-thread-47
2024-12-18 15:35:33,433 INFO [main]	create thread:server-work-thread-48
2024-12-18 15:35:33,433 INFO [main]	create thread:server-work-thread-49
2024-12-18 15:35:33,433 INFO [main]	create thread:server-work-thread-50
2024-12-18 15:35:33,433 INFO [main]	create thread:server-work-thread-51
2024-12-18 15:35:33,433 INFO [main]	create thread:server-work-thread-52
2024-12-18 15:35:33,433 INFO [main]	create thread:server-work-thread-53
2024-12-18 15:35:33,433 INFO [main]	create thread:server-work-thread-54
2024-12-18 15:35:33,433 INFO [main]	create thread:server-work-thread-55
2024-12-18 15:35:33,433 INFO [main]	create thread:server-work-thread-56
2024-12-18 15:35:33,433 INFO [main]	create thread:server-work-thread-57
2024-12-18 15:35:33,433 INFO [main]	create thread:server-work-thread-58
2024-12-18 15:35:33,433 INFO [main]	create thread:server-work-thread-59
2024-12-18 15:35:33,433 INFO [main]	create thread:server-work-thread-60
2024-12-18 15:35:33,433 INFO [main]	create thread:server-work-thread-61
2024-12-18 15:35:33,433 INFO [main]	create thread:server-work-thread-62
2024-12-18 15:35:33,433 INFO [main]	create thread:server-work-thread-63
2024-12-18 15:35:33,433 INFO [main]	create thread:server-work-thread-64
2024-12-18 15:35:33,433 INFO [main]	create thread:server-work-thread-65
2024-12-18 15:35:33,434 INFO [main]	create thread:server-work-thread-66
2024-12-18 15:35:33,434 INFO [main]	create thread:server-work-thread-67
2024-12-18 15:35:33,434 INFO [main]	create thread:server-work-thread-68
2024-12-18 15:35:33,434 INFO [main]	create thread:server-work-thread-69
2024-12-18 15:35:33,434 INFO [main]	create thread:server-work-thread-70
2024-12-18 15:35:33,434 INFO [main]	create thread:server-work-thread-71
2024-12-18 15:35:33,434 INFO [main]	create thread:server-work-thread-72
2024-12-18 15:35:33,434 INFO [main]	create thread:server-work-thread-73
2024-12-18 15:35:33,434 INFO [main]	create thread:server-work-thread-74
2024-12-18 15:35:33,434 INFO [main]	create thread:server-work-thread-75
2024-12-18 15:35:33,434 INFO [main]	create thread:server-work-thread-76
2024-12-18 15:35:33,434 INFO [main]	create thread:server-work-thread-77
2024-12-18 15:35:33,434 INFO [main]	create thread:server-work-thread-78
2024-12-18 15:35:33,434 INFO [main]	create thread:server-work-thread-79
2024-12-18 15:35:33,434 INFO [main]	create thread:server-work-thread-80
2024-12-18 15:35:33,435 INFO [main]	create thread:server-work-thread-81
2024-12-18 15:35:33,435 INFO [main]	create thread:server-work-thread-82
2024-12-18 15:35:33,435 INFO [main]	create thread:server-work-thread-83
2024-12-18 15:35:33,435 INFO [main]	create thread:server-work-thread-84
2024-12-18 15:35:33,435 INFO [main]	create thread:server-work-thread-85
2024-12-18 15:35:33,435 INFO [main]	create thread:server-work-thread-86
2024-12-18 15:35:33,435 INFO [main]	create thread:server-work-thread-87
2024-12-18 15:35:33,435 INFO [main]	create thread:server-work-thread-88
2024-12-18 15:35:33,436 INFO [main]	create thread:server-work-thread-89
2024-12-18 15:35:33,436 INFO [main]	create thread:server-work-thread-90
2024-12-18 15:35:33,436 INFO [main]	create thread:server-work-thread-91
2024-12-18 15:35:33,436 INFO [main]	create thread:server-work-thread-92
2024-12-18 15:35:33,436 INFO [main]	create thread:server-work-thread-93
2024-12-18 15:35:33,436 INFO [main]	create thread:server-work-thread-94
2024-12-18 15:35:33,436 INFO [main]	create thread:server-work-thread-95
2024-12-18 15:35:33,436 INFO [main]	create thread:server-work-thread-96
2024-12-18 15:35:33,436 INFO [main]	create thread:server-work-thread-97
2024-12-18 15:35:33,436 INFO [main]	create thread:server-work-thread-98
2024-12-18 15:35:33,436 INFO [main]	create thread:server-work-thread-99
2024-12-18 15:35:33,437 INFO [main]	create thread:server-work-thread-100
2024-12-18 15:35:33,437 INFO [main]	create thread:server-work-thread-101
2024-12-18 15:35:33,437 INFO [main]	create thread:server-work-thread-102
2024-12-18 15:35:33,437 INFO [main]	create thread:server-work-thread-103
2024-12-18 15:35:33,437 INFO [main]	create thread:server-work-thread-104
2024-12-18 15:35:33,437 INFO [main]	create thread:server-work-thread-105
2024-12-18 15:35:33,437 INFO [main]	create thread:server-work-thread-106
2024-12-18 15:35:33,437 INFO [main]	create thread:server-work-thread-107
2024-12-18 15:35:33,437 INFO [main]	create thread:server-work-thread-108
2024-12-18 15:35:33,437 INFO [main]	create thread:server-work-thread-109
2024-12-18 15:35:33,438 INFO [main]	create thread:server-work-thread-110
2024-12-18 15:35:33,455 INFO [main]	use jdk nio event mode
2024-12-18 15:35:33,465 INFO [main]	create thread:timeout-timer-thread-1
2024-12-18 15:35:33,498 INFO [Thread-0]	Brpc do clean work...
2024-12-18 15:35:33,500 INFO [Thread-0]	invoke shutdownGlobalThreadPools
2024-12-18 15:35:33,501 INFO [Thread-1]	create thread:server-acceptor-thread-1
2024-12-18 15:38:37,370 INFO [main]	register protocol:1 success
2024-12-18 15:38:37,394 INFO [main]	register protocol:29 success
2024-12-18 15:38:37,395 INFO [main]	register protocol:4 success
2024-12-18 15:38:37,397 INFO [main]	register protocol:3 success
2024-12-18 15:38:37,397 INFO [main]	register protocol:31 success
2024-12-18 15:38:37,397 INFO [main]	register protocol:28 success
2024-12-18 15:38:37,398 INFO [main]	register protocol:32 success
2024-12-18 15:38:37,398 INFO [main]	register protocol:33 success
2024-12-18 15:38:37,398 INFO [main]	register protocol:30 success
2024-12-18 15:38:37,399 INFO [main]	register load balance factory:RandomLoadBalanceFactory success
2024-12-18 15:38:37,399 INFO [main]	register load balance factory:RoundRobinLoadBalanceFactory success
2024-12-18 15:38:37,399 INFO [main]	register load balance factory:WeightLoadBalanceFactory success
2024-12-18 15:38:37,400 INFO [main]	register load balance factory:FairLoadBalanceFactory success
2024-12-18 15:38:37,403 INFO [main]	create thread:server-work-thread-1
2024-12-18 15:38:37,403 INFO [main]	create thread:server-work-thread-2
2024-12-18 15:38:37,403 INFO [main]	create thread:server-work-thread-3
2024-12-18 15:38:37,404 INFO [main]	create thread:server-work-thread-4
2024-12-18 15:38:37,404 INFO [main]	create thread:server-work-thread-5
2024-12-18 15:38:37,404 INFO [main]	create thread:server-work-thread-6
2024-12-18 15:38:37,404 INFO [main]	create thread:server-work-thread-7
2024-12-18 15:38:37,404 INFO [main]	create thread:server-work-thread-8
2024-12-18 15:38:37,404 INFO [main]	create thread:server-work-thread-9
2024-12-18 15:38:37,404 INFO [main]	create thread:server-work-thread-10
2024-12-18 15:38:37,404 INFO [main]	create thread:server-work-thread-11
2024-12-18 15:38:37,404 INFO [main]	create thread:server-work-thread-12
2024-12-18 15:38:37,404 INFO [main]	create thread:server-work-thread-13
2024-12-18 15:38:37,404 INFO [main]	create thread:server-work-thread-14
2024-12-18 15:38:37,404 INFO [main]	create thread:server-work-thread-15
2024-12-18 15:38:37,404 INFO [main]	create thread:server-work-thread-16
2024-12-18 15:38:37,404 INFO [main]	create thread:server-work-thread-17
2024-12-18 15:38:37,404 INFO [main]	create thread:server-work-thread-18
2024-12-18 15:38:37,405 INFO [main]	create thread:server-work-thread-19
2024-12-18 15:38:37,405 INFO [main]	create thread:server-work-thread-20
2024-12-18 15:38:37,405 INFO [main]	create thread:server-work-thread-21
2024-12-18 15:38:37,405 INFO [main]	create thread:server-work-thread-22
2024-12-18 15:38:37,405 INFO [main]	create thread:server-work-thread-23
2024-12-18 15:38:37,405 INFO [main]	create thread:server-work-thread-24
2024-12-18 15:38:37,405 INFO [main]	create thread:server-work-thread-25
2024-12-18 15:38:37,405 INFO [main]	create thread:server-work-thread-26
2024-12-18 15:38:37,405 INFO [main]	create thread:server-work-thread-27
2024-12-18 15:38:37,405 INFO [main]	create thread:server-work-thread-28
2024-12-18 15:38:37,405 INFO [main]	create thread:server-work-thread-29
2024-12-18 15:38:37,405 INFO [main]	create thread:server-work-thread-30
2024-12-18 15:38:37,405 INFO [main]	create thread:server-work-thread-31
2024-12-18 15:38:37,405 INFO [main]	create thread:server-work-thread-32
2024-12-18 15:38:37,405 INFO [main]	create thread:server-work-thread-33
2024-12-18 15:38:37,406 INFO [main]	create thread:server-work-thread-34
2024-12-18 15:38:37,406 INFO [main]	create thread:server-work-thread-35
2024-12-18 15:38:37,406 INFO [main]	create thread:server-work-thread-36
2024-12-18 15:38:37,406 INFO [main]	create thread:server-work-thread-37
2024-12-18 15:38:37,406 INFO [main]	create thread:server-work-thread-38
2024-12-18 15:38:37,406 INFO [main]	create thread:server-work-thread-39
2024-12-18 15:38:37,406 INFO [main]	create thread:server-work-thread-40
2024-12-18 15:38:37,406 INFO [main]	create thread:server-work-thread-41
2024-12-18 15:38:37,406 INFO [main]	create thread:server-work-thread-42
2024-12-18 15:38:37,406 INFO [main]	create thread:server-work-thread-43
2024-12-18 15:38:37,406 INFO [main]	create thread:server-work-thread-44
2024-12-18 15:38:37,406 INFO [main]	create thread:server-work-thread-45
2024-12-18 15:38:37,406 INFO [main]	create thread:server-work-thread-46
2024-12-18 15:38:37,406 INFO [main]	create thread:server-work-thread-47
2024-12-18 15:38:37,406 INFO [main]	create thread:server-work-thread-48
2024-12-18 15:38:37,406 INFO [main]	create thread:server-work-thread-49
2024-12-18 15:38:37,407 INFO [main]	create thread:server-work-thread-50
2024-12-18 15:38:37,407 INFO [main]	create thread:server-work-thread-51
2024-12-18 15:38:37,407 INFO [main]	create thread:server-work-thread-52
2024-12-18 15:38:37,407 INFO [main]	create thread:server-work-thread-53
2024-12-18 15:38:37,407 INFO [main]	create thread:server-work-thread-54
2024-12-18 15:38:37,407 INFO [main]	create thread:server-work-thread-55
2024-12-18 15:38:37,407 INFO [main]	create thread:server-work-thread-56
2024-12-18 15:38:37,407 INFO [main]	create thread:server-work-thread-57
2024-12-18 15:38:37,407 INFO [main]	create thread:server-work-thread-58
2024-12-18 15:38:37,407 INFO [main]	create thread:server-work-thread-59
2024-12-18 15:38:37,407 INFO [main]	create thread:server-work-thread-60
2024-12-18 15:38:37,407 INFO [main]	create thread:server-work-thread-61
2024-12-18 15:38:37,407 INFO [main]	create thread:server-work-thread-62
2024-12-18 15:38:37,407 INFO [main]	create thread:server-work-thread-63
2024-12-18 15:38:37,407 INFO [main]	create thread:server-work-thread-64
2024-12-18 15:38:37,407 INFO [main]	create thread:server-work-thread-65
2024-12-18 15:38:37,407 INFO [main]	create thread:server-work-thread-66
2024-12-18 15:38:37,408 INFO [main]	create thread:server-work-thread-67
2024-12-18 15:38:37,408 INFO [main]	create thread:server-work-thread-68
2024-12-18 15:38:37,408 INFO [main]	create thread:server-work-thread-69
2024-12-18 15:38:37,408 INFO [main]	create thread:server-work-thread-70
2024-12-18 15:38:37,408 INFO [main]	create thread:server-work-thread-71
2024-12-18 15:38:37,408 INFO [main]	create thread:server-work-thread-72
2024-12-18 15:38:37,408 INFO [main]	create thread:server-work-thread-73
2024-12-18 15:38:37,408 INFO [main]	create thread:server-work-thread-74
2024-12-18 15:38:37,408 INFO [main]	create thread:server-work-thread-75
2024-12-18 15:38:37,408 INFO [main]	create thread:server-work-thread-76
2024-12-18 15:38:37,408 INFO [main]	create thread:server-work-thread-77
2024-12-18 15:38:37,408 INFO [main]	create thread:server-work-thread-78
2024-12-18 15:38:37,408 INFO [main]	create thread:server-work-thread-79
2024-12-18 15:38:37,408 INFO [main]	create thread:server-work-thread-80
2024-12-18 15:38:37,408 INFO [main]	create thread:server-work-thread-81
2024-12-18 15:38:37,408 INFO [main]	create thread:server-work-thread-82
2024-12-18 15:38:37,408 INFO [main]	create thread:server-work-thread-83
2024-12-18 15:38:37,408 INFO [main]	create thread:server-work-thread-84
2024-12-18 15:38:37,409 INFO [main]	create thread:server-work-thread-85
2024-12-18 15:38:37,409 INFO [main]	create thread:server-work-thread-86
2024-12-18 15:38:37,409 INFO [main]	create thread:server-work-thread-87
2024-12-18 15:38:37,409 INFO [main]	create thread:server-work-thread-88
2024-12-18 15:38:37,409 INFO [main]	create thread:server-work-thread-89
2024-12-18 15:38:37,409 INFO [main]	create thread:server-work-thread-90
2024-12-18 15:38:37,409 INFO [main]	create thread:server-work-thread-91
2024-12-18 15:38:37,409 INFO [main]	create thread:server-work-thread-92
2024-12-18 15:38:37,409 INFO [main]	create thread:server-work-thread-93
2024-12-18 15:38:37,409 INFO [main]	create thread:server-work-thread-94
2024-12-18 15:38:37,409 INFO [main]	create thread:server-work-thread-95
2024-12-18 15:38:37,409 INFO [main]	create thread:server-work-thread-96
2024-12-18 15:38:37,409 INFO [main]	create thread:server-work-thread-97
2024-12-18 15:38:37,409 INFO [main]	create thread:server-work-thread-98
2024-12-18 15:38:37,410 INFO [main]	create thread:server-work-thread-99
2024-12-18 15:38:37,410 INFO [main]	create thread:server-work-thread-100
2024-12-18 15:38:37,410 INFO [main]	create thread:server-work-thread-101
2024-12-18 15:38:37,410 INFO [main]	create thread:server-work-thread-102
2024-12-18 15:38:37,410 INFO [main]	create thread:server-work-thread-103
2024-12-18 15:38:37,410 INFO [main]	create thread:server-work-thread-104
2024-12-18 15:38:37,410 INFO [main]	create thread:server-work-thread-105
2024-12-18 15:38:37,411 INFO [main]	create thread:server-work-thread-106
2024-12-18 15:38:37,411 INFO [main]	create thread:server-work-thread-107
2024-12-18 15:38:37,411 INFO [main]	create thread:server-work-thread-108
2024-12-18 15:38:37,411 INFO [main]	create thread:server-work-thread-109
2024-12-18 15:38:37,411 INFO [main]	create thread:server-work-thread-110
2024-12-18 15:38:37,428 INFO [main]	use jdk nio event mode
2024-12-18 15:38:37,438 INFO [main]	create thread:timeout-timer-thread-1
2024-12-18 15:38:37,467 INFO [Thread-0]	Brpc do clean work...
2024-12-18 15:38:37,469 INFO [Thread-0]	invoke shutdownGlobalThreadPools
2024-12-18 15:38:37,470 INFO [Thread-1]	create thread:server-acceptor-thread-1
2024-12-18 15:40:21,119 INFO [main]	register protocol:1 success
2024-12-18 15:40:21,143 INFO [main]	register protocol:29 success
2024-12-18 15:40:21,144 INFO [main]	register protocol:4 success
2024-12-18 15:40:21,146 INFO [main]	register protocol:3 success
2024-12-18 15:40:21,147 INFO [main]	register protocol:31 success
2024-12-18 15:40:21,147 INFO [main]	register protocol:28 success
2024-12-18 15:40:21,147 INFO [main]	register protocol:32 success
2024-12-18 15:40:21,148 INFO [main]	register protocol:33 success
2024-12-18 15:40:21,148 INFO [main]	register protocol:30 success
2024-12-18 15:40:21,148 INFO [main]	register load balance factory:RandomLoadBalanceFactory success
2024-12-18 15:40:21,149 INFO [main]	register load balance factory:RoundRobinLoadBalanceFactory success
2024-12-18 15:40:21,149 INFO [main]	register load balance factory:WeightLoadBalanceFactory success
2024-12-18 15:40:21,149 INFO [main]	register load balance factory:FairLoadBalanceFactory success
2024-12-18 15:40:21,152 INFO [main]	create thread:server-work-thread-1
2024-12-18 15:40:21,153 INFO [main]	create thread:server-work-thread-2
2024-12-18 15:40:21,153 INFO [main]	create thread:server-work-thread-3
2024-12-18 15:40:21,153 INFO [main]	create thread:server-work-thread-4
2024-12-18 15:40:21,153 INFO [main]	create thread:server-work-thread-5
2024-12-18 15:40:21,153 INFO [main]	create thread:server-work-thread-6
2024-12-18 15:40:21,153 INFO [main]	create thread:server-work-thread-7
2024-12-18 15:40:21,153 INFO [main]	create thread:server-work-thread-8
2024-12-18 15:40:21,153 INFO [main]	create thread:server-work-thread-9
2024-12-18 15:40:21,153 INFO [main]	create thread:server-work-thread-10
2024-12-18 15:40:21,154 INFO [main]	create thread:server-work-thread-11
2024-12-18 15:40:21,154 INFO [main]	create thread:server-work-thread-12
2024-12-18 15:40:21,154 INFO [main]	create thread:server-work-thread-13
2024-12-18 15:40:21,154 INFO [main]	create thread:server-work-thread-14
2024-12-18 15:40:21,154 INFO [main]	create thread:server-work-thread-15
2024-12-18 15:40:21,154 INFO [main]	create thread:server-work-thread-16
2024-12-18 15:40:21,154 INFO [main]	create thread:server-work-thread-17
2024-12-18 15:40:21,154 INFO [main]	create thread:server-work-thread-18
2024-12-18 15:40:21,154 INFO [main]	create thread:server-work-thread-19
2024-12-18 15:40:21,154 INFO [main]	create thread:server-work-thread-20
2024-12-18 15:40:21,154 INFO [main]	create thread:server-work-thread-21
2024-12-18 15:40:21,154 INFO [main]	create thread:server-work-thread-22
2024-12-18 15:40:21,154 INFO [main]	create thread:server-work-thread-23
2024-12-18 15:40:21,154 INFO [main]	create thread:server-work-thread-24
2024-12-18 15:40:21,154 INFO [main]	create thread:server-work-thread-25
2024-12-18 15:40:21,155 INFO [main]	create thread:server-work-thread-26
2024-12-18 15:40:21,155 INFO [main]	create thread:server-work-thread-27
2024-12-18 15:40:21,155 INFO [main]	create thread:server-work-thread-28
2024-12-18 15:40:21,155 INFO [main]	create thread:server-work-thread-29
2024-12-18 15:40:21,155 INFO [main]	create thread:server-work-thread-30
2024-12-18 15:40:21,155 INFO [main]	create thread:server-work-thread-31
2024-12-18 15:40:21,155 INFO [main]	create thread:server-work-thread-32
2024-12-18 15:40:21,155 INFO [main]	create thread:server-work-thread-33
2024-12-18 15:40:21,155 INFO [main]	create thread:server-work-thread-34
2024-12-18 15:40:21,155 INFO [main]	create thread:server-work-thread-35
2024-12-18 15:40:21,155 INFO [main]	create thread:server-work-thread-36
2024-12-18 15:40:21,155 INFO [main]	create thread:server-work-thread-37
2024-12-18 15:40:21,155 INFO [main]	create thread:server-work-thread-38
2024-12-18 15:40:21,155 INFO [main]	create thread:server-work-thread-39
2024-12-18 15:40:21,156 INFO [main]	create thread:server-work-thread-40
2024-12-18 15:40:21,156 INFO [main]	create thread:server-work-thread-41
2024-12-18 15:40:21,156 INFO [main]	create thread:server-work-thread-42
2024-12-18 15:40:21,156 INFO [main]	create thread:server-work-thread-43
2024-12-18 15:40:21,156 INFO [main]	create thread:server-work-thread-44
2024-12-18 15:40:21,156 INFO [main]	create thread:server-work-thread-45
2024-12-18 15:40:21,156 INFO [main]	create thread:server-work-thread-46
2024-12-18 15:40:21,156 INFO [main]	create thread:server-work-thread-47
2024-12-18 15:40:21,156 INFO [main]	create thread:server-work-thread-48
2024-12-18 15:40:21,156 INFO [main]	create thread:server-work-thread-49
2024-12-18 15:40:21,156 INFO [main]	create thread:server-work-thread-50
2024-12-18 15:40:21,156 INFO [main]	create thread:server-work-thread-51
2024-12-18 15:40:21,156 INFO [main]	create thread:server-work-thread-52
2024-12-18 15:40:21,156 INFO [main]	create thread:server-work-thread-53
2024-12-18 15:40:21,156 INFO [main]	create thread:server-work-thread-54
2024-12-18 15:40:21,156 INFO [main]	create thread:server-work-thread-55
2024-12-18 15:40:21,156 INFO [main]	create thread:server-work-thread-56
2024-12-18 15:40:21,157 INFO [main]	create thread:server-work-thread-57
2024-12-18 15:40:21,157 INFO [main]	create thread:server-work-thread-58
2024-12-18 15:40:21,157 INFO [main]	create thread:server-work-thread-59
2024-12-18 15:40:21,157 INFO [main]	create thread:server-work-thread-60
2024-12-18 15:40:21,157 INFO [main]	create thread:server-work-thread-61
2024-12-18 15:40:21,157 INFO [main]	create thread:server-work-thread-62
2024-12-18 15:40:21,157 INFO [main]	create thread:server-work-thread-63
2024-12-18 15:40:21,157 INFO [main]	create thread:server-work-thread-64
2024-12-18 15:40:21,157 INFO [main]	create thread:server-work-thread-65
2024-12-18 15:40:21,157 INFO [main]	create thread:server-work-thread-66
2024-12-18 15:40:21,157 INFO [main]	create thread:server-work-thread-67
2024-12-18 15:40:21,157 INFO [main]	create thread:server-work-thread-68
2024-12-18 15:40:21,157 INFO [main]	create thread:server-work-thread-69
2024-12-18 15:40:21,157 INFO [main]	create thread:server-work-thread-70
2024-12-18 15:40:21,157 INFO [main]	create thread:server-work-thread-71
2024-12-18 15:40:21,157 INFO [main]	create thread:server-work-thread-72
2024-12-18 15:40:21,157 INFO [main]	create thread:server-work-thread-73
2024-12-18 15:40:21,157 INFO [main]	create thread:server-work-thread-74
2024-12-18 15:40:21,157 INFO [main]	create thread:server-work-thread-75
2024-12-18 15:40:21,158 INFO [main]	create thread:server-work-thread-76
2024-12-18 15:40:21,158 INFO [main]	create thread:server-work-thread-77
2024-12-18 15:40:21,158 INFO [main]	create thread:server-work-thread-78
2024-12-18 15:40:21,158 INFO [main]	create thread:server-work-thread-79
2024-12-18 15:40:21,158 INFO [main]	create thread:server-work-thread-80
2024-12-18 15:40:21,158 INFO [main]	create thread:server-work-thread-81
2024-12-18 15:40:21,158 INFO [main]	create thread:server-work-thread-82
2024-12-18 15:40:21,158 INFO [main]	create thread:server-work-thread-83
2024-12-18 15:40:21,158 INFO [main]	create thread:server-work-thread-84
2024-12-18 15:40:21,158 INFO [main]	create thread:server-work-thread-85
2024-12-18 15:40:21,158 INFO [main]	create thread:server-work-thread-86
2024-12-18 15:40:21,158 INFO [main]	create thread:server-work-thread-87
2024-12-18 15:40:21,158 INFO [main]	create thread:server-work-thread-88
2024-12-18 15:40:21,158 INFO [main]	create thread:server-work-thread-89
2024-12-18 15:40:21,158 INFO [main]	create thread:server-work-thread-90
2024-12-18 15:40:21,158 INFO [main]	create thread:server-work-thread-91
2024-12-18 15:40:21,158 INFO [main]	create thread:server-work-thread-92
2024-12-18 15:40:21,158 INFO [main]	create thread:server-work-thread-93
2024-12-18 15:40:21,159 INFO [main]	create thread:server-work-thread-94
2024-12-18 15:40:21,159 INFO [main]	create thread:server-work-thread-95
2024-12-18 15:40:21,159 INFO [main]	create thread:server-work-thread-96
2024-12-18 15:40:21,159 INFO [main]	create thread:server-work-thread-97
2024-12-18 15:40:21,159 INFO [main]	create thread:server-work-thread-98
2024-12-18 15:40:21,159 INFO [main]	create thread:server-work-thread-99
2024-12-18 15:40:21,159 INFO [main]	create thread:server-work-thread-100
2024-12-18 15:40:21,159 INFO [main]	create thread:server-work-thread-101
2024-12-18 15:40:21,159 INFO [main]	create thread:server-work-thread-102
2024-12-18 15:40:21,159 INFO [main]	create thread:server-work-thread-103
2024-12-18 15:40:21,159 INFO [main]	create thread:server-work-thread-104
2024-12-18 15:40:21,160 INFO [main]	create thread:server-work-thread-105
2024-12-18 15:40:21,160 INFO [main]	create thread:server-work-thread-106
2024-12-18 15:40:21,160 INFO [main]	create thread:server-work-thread-107
2024-12-18 15:40:21,160 INFO [main]	create thread:server-work-thread-108
2024-12-18 15:40:21,160 INFO [main]	create thread:server-work-thread-109
2024-12-18 15:40:21,160 INFO [main]	create thread:server-work-thread-110
2024-12-18 15:40:21,177 INFO [main]	use jdk nio event mode
2024-12-18 15:40:21,188 INFO [main]	create thread:timeout-timer-thread-1
2024-12-18 15:40:21,502 INFO [Thread-0]	Brpc do clean work...
2024-12-18 15:40:21,503 INFO [Thread-0]	invoke shutdownGlobalThreadPools
2024-12-18 15:40:21,505 INFO [Thread-1]	create thread:server-acceptor-thread-1
2024-12-18 15:42:33,040 INFO [main]	register protocol:1 success
2024-12-18 15:42:33,065 INFO [main]	register protocol:29 success
2024-12-18 15:42:33,066 INFO [main]	register protocol:4 success
2024-12-18 15:42:33,068 INFO [main]	register protocol:3 success
2024-12-18 15:42:33,068 INFO [main]	register protocol:31 success
2024-12-18 15:42:33,068 INFO [main]	register protocol:28 success
2024-12-18 15:42:33,069 INFO [main]	register protocol:32 success
2024-12-18 15:42:33,069 INFO [main]	register protocol:33 success
2024-12-18 15:42:33,069 INFO [main]	register protocol:30 success
2024-12-18 15:42:33,070 INFO [main]	register load balance factory:RandomLoadBalanceFactory success
2024-12-18 15:42:33,070 INFO [main]	register load balance factory:RoundRobinLoadBalanceFactory success
2024-12-18 15:42:33,070 INFO [main]	register load balance factory:WeightLoadBalanceFactory success
2024-12-18 15:42:33,070 INFO [main]	register load balance factory:FairLoadBalanceFactory success
2024-12-18 15:42:33,074 INFO [main]	create thread:server-work-thread-1
2024-12-18 15:42:33,074 INFO [main]	create thread:server-work-thread-2
2024-12-18 15:42:33,074 INFO [main]	create thread:server-work-thread-3
2024-12-18 15:42:33,074 INFO [main]	create thread:server-work-thread-4
2024-12-18 15:42:33,074 INFO [main]	create thread:server-work-thread-5
2024-12-18 15:42:33,074 INFO [main]	create thread:server-work-thread-6
2024-12-18 15:42:33,074 INFO [main]	create thread:server-work-thread-7
2024-12-18 15:42:33,074 INFO [main]	create thread:server-work-thread-8
2024-12-18 15:42:33,074 INFO [main]	create thread:server-work-thread-9
2024-12-18 15:42:33,074 INFO [main]	create thread:server-work-thread-10
2024-12-18 15:42:33,074 INFO [main]	create thread:server-work-thread-11
2024-12-18 15:42:33,074 INFO [main]	create thread:server-work-thread-12
2024-12-18 15:42:33,075 INFO [main]	create thread:server-work-thread-13
2024-12-18 15:42:33,075 INFO [main]	create thread:server-work-thread-14
2024-12-18 15:42:33,075 INFO [main]	create thread:server-work-thread-15
2024-12-18 15:42:33,075 INFO [main]	create thread:server-work-thread-16
2024-12-18 15:42:33,075 INFO [main]	create thread:server-work-thread-17
2024-12-18 15:42:33,075 INFO [main]	create thread:server-work-thread-18
2024-12-18 15:42:33,075 INFO [main]	create thread:server-work-thread-19
2024-12-18 15:42:33,075 INFO [main]	create thread:server-work-thread-20
2024-12-18 15:42:33,075 INFO [main]	create thread:server-work-thread-21
2024-12-18 15:42:33,075 INFO [main]	create thread:server-work-thread-22
2024-12-18 15:42:33,075 INFO [main]	create thread:server-work-thread-23
2024-12-18 15:42:33,075 INFO [main]	create thread:server-work-thread-24
2024-12-18 15:42:33,075 INFO [main]	create thread:server-work-thread-25
2024-12-18 15:42:33,075 INFO [main]	create thread:server-work-thread-26
2024-12-18 15:42:33,075 INFO [main]	create thread:server-work-thread-27
2024-12-18 15:42:33,076 INFO [main]	create thread:server-work-thread-28
2024-12-18 15:42:33,076 INFO [main]	create thread:server-work-thread-29
2024-12-18 15:42:33,076 INFO [main]	create thread:server-work-thread-30
2024-12-18 15:42:33,076 INFO [main]	create thread:server-work-thread-31
2024-12-18 15:42:33,076 INFO [main]	create thread:server-work-thread-32
2024-12-18 15:42:33,076 INFO [main]	create thread:server-work-thread-33
2024-12-18 15:42:33,076 INFO [main]	create thread:server-work-thread-34
2024-12-18 15:42:33,076 INFO [main]	create thread:server-work-thread-35
2024-12-18 15:42:33,076 INFO [main]	create thread:server-work-thread-36
2024-12-18 15:42:33,076 INFO [main]	create thread:server-work-thread-37
2024-12-18 15:42:33,076 INFO [main]	create thread:server-work-thread-38
2024-12-18 15:42:33,077 INFO [main]	create thread:server-work-thread-39
2024-12-18 15:42:33,077 INFO [main]	create thread:server-work-thread-40
2024-12-18 15:42:33,077 INFO [main]	create thread:server-work-thread-41
2024-12-18 15:42:33,077 INFO [main]	create thread:server-work-thread-42
2024-12-18 15:42:33,077 INFO [main]	create thread:server-work-thread-43
2024-12-18 15:42:33,077 INFO [main]	create thread:server-work-thread-44
2024-12-18 15:42:33,077 INFO [main]	create thread:server-work-thread-45
2024-12-18 15:42:33,077 INFO [main]	create thread:server-work-thread-46
2024-12-18 15:42:33,077 INFO [main]	create thread:server-work-thread-47
2024-12-18 15:42:33,078 INFO [main]	create thread:server-work-thread-48
2024-12-18 15:42:33,078 INFO [main]	create thread:server-work-thread-49
2024-12-18 15:42:33,078 INFO [main]	create thread:server-work-thread-50
2024-12-18 15:42:33,078 INFO [main]	create thread:server-work-thread-51
2024-12-18 15:42:33,078 INFO [main]	create thread:server-work-thread-52
2024-12-18 15:42:33,078 INFO [main]	create thread:server-work-thread-53
2024-12-18 15:42:33,078 INFO [main]	create thread:server-work-thread-54
2024-12-18 15:42:33,078 INFO [main]	create thread:server-work-thread-55
2024-12-18 15:42:33,078 INFO [main]	create thread:server-work-thread-56
2024-12-18 15:42:33,078 INFO [main]	create thread:server-work-thread-57
2024-12-18 15:42:33,078 INFO [main]	create thread:server-work-thread-58
2024-12-18 15:42:33,078 INFO [main]	create thread:server-work-thread-59
2024-12-18 15:42:33,078 INFO [main]	create thread:server-work-thread-60
2024-12-18 15:42:33,078 INFO [main]	create thread:server-work-thread-61
2024-12-18 15:42:33,079 INFO [main]	create thread:server-work-thread-62
2024-12-18 15:42:33,079 INFO [main]	create thread:server-work-thread-63
2024-12-18 15:42:33,079 INFO [main]	create thread:server-work-thread-64
2024-12-18 15:42:33,079 INFO [main]	create thread:server-work-thread-65
2024-12-18 15:42:33,079 INFO [main]	create thread:server-work-thread-66
2024-12-18 15:42:33,079 INFO [main]	create thread:server-work-thread-67
2024-12-18 15:42:33,079 INFO [main]	create thread:server-work-thread-68
2024-12-18 15:42:33,079 INFO [main]	create thread:server-work-thread-69
2024-12-18 15:42:33,079 INFO [main]	create thread:server-work-thread-70
2024-12-18 15:42:33,079 INFO [main]	create thread:server-work-thread-71
2024-12-18 15:42:33,079 INFO [main]	create thread:server-work-thread-72
2024-12-18 15:42:33,079 INFO [main]	create thread:server-work-thread-73
2024-12-18 15:42:33,079 INFO [main]	create thread:server-work-thread-74
2024-12-18 15:42:33,079 INFO [main]	create thread:server-work-thread-75
2024-12-18 15:42:33,079 INFO [main]	create thread:server-work-thread-76
2024-12-18 15:42:33,079 INFO [main]	create thread:server-work-thread-77
2024-12-18 15:42:33,079 INFO [main]	create thread:server-work-thread-78
2024-12-18 15:42:33,079 INFO [main]	create thread:server-work-thread-79
2024-12-18 15:42:33,080 INFO [main]	create thread:server-work-thread-80
2024-12-18 15:42:33,080 INFO [main]	create thread:server-work-thread-81
2024-12-18 15:42:33,080 INFO [main]	create thread:server-work-thread-82
2024-12-18 15:42:33,080 INFO [main]	create thread:server-work-thread-83
2024-12-18 15:42:33,080 INFO [main]	create thread:server-work-thread-84
2024-12-18 15:42:33,080 INFO [main]	create thread:server-work-thread-85
2024-12-18 15:42:33,080 INFO [main]	create thread:server-work-thread-86
2024-12-18 15:42:33,080 INFO [main]	create thread:server-work-thread-87
2024-12-18 15:42:33,080 INFO [main]	create thread:server-work-thread-88
2024-12-18 15:42:33,080 INFO [main]	create thread:server-work-thread-89
2024-12-18 15:42:33,080 INFO [main]	create thread:server-work-thread-90
2024-12-18 15:42:33,080 INFO [main]	create thread:server-work-thread-91
2024-12-18 15:42:33,080 INFO [main]	create thread:server-work-thread-92
2024-12-18 15:42:33,080 INFO [main]	create thread:server-work-thread-93
2024-12-18 15:42:33,080 INFO [main]	create thread:server-work-thread-94
2024-12-18 15:42:33,080 INFO [main]	create thread:server-work-thread-95
2024-12-18 15:42:33,080 INFO [main]	create thread:server-work-thread-96
2024-12-18 15:42:33,080 INFO [main]	create thread:server-work-thread-97
2024-12-18 15:42:33,080 INFO [main]	create thread:server-work-thread-98
2024-12-18 15:42:33,081 INFO [main]	create thread:server-work-thread-99
2024-12-18 15:42:33,081 INFO [main]	create thread:server-work-thread-100
2024-12-18 15:42:33,081 INFO [main]	create thread:server-work-thread-101
2024-12-18 15:42:33,081 INFO [main]	create thread:server-work-thread-102
2024-12-18 15:42:33,081 INFO [main]	create thread:server-work-thread-103
2024-12-18 15:42:33,081 INFO [main]	create thread:server-work-thread-104
2024-12-18 15:42:33,081 INFO [main]	create thread:server-work-thread-105
2024-12-18 15:42:33,081 INFO [main]	create thread:server-work-thread-106
2024-12-18 15:42:33,081 INFO [main]	create thread:server-work-thread-107
2024-12-18 15:42:33,081 INFO [main]	create thread:server-work-thread-108
2024-12-18 15:42:33,081 INFO [main]	create thread:server-work-thread-109
2024-12-18 15:42:33,081 INFO [main]	create thread:server-work-thread-110
2024-12-18 15:42:33,113 INFO [main]	use jdk nio event mode
2024-12-18 15:42:33,124 INFO [main]	create thread:timeout-timer-thread-1
2024-12-18 15:42:33,153 INFO [Thread-0]	Brpc do clean work...
2024-12-18 15:42:33,155 INFO [Thread-0]	invoke shutdownGlobalThreadPools
2024-12-18 15:42:33,156 INFO [Thread-1]	create thread:server-acceptor-thread-1
