2024-12-18 15:06:47,958 INFO [main]	register protocol:1 success
2024-12-18 15:06:47,975 INFO [main]	register protocol:29 success
2024-12-18 15:06:47,976 INFO [main]	register protocol:4 success
2024-12-18 15:06:47,977 INFO [main]	register protocol:3 success
2024-12-18 15:06:47,978 INFO [main]	register protocol:31 success
2024-12-18 15:06:47,978 INFO [main]	register protocol:28 success
2024-12-18 15:06:47,978 INFO [main]	register protocol:32 success
2024-12-18 15:06:47,978 INFO [main]	register protocol:33 success
2024-12-18 15:06:47,979 INFO [main]	register protocol:30 success
2024-12-18 15:06:47,979 INFO [main]	register load balance factory:RandomLoadBalanceFactory success
2024-12-18 15:06:47,979 INFO [main]	register load balance factory:RoundRobinLoadBalanceFactory success
2024-12-18 15:06:47,979 INFO [main]	register load balance factory:WeightLoadBalanceFactory success
2024-12-18 15:06:47,980 INFO [main]	register load balance factory:FairLoadBalanceFactory success
2024-12-18 15:06:47,982 INFO [main]	create thread:server-work-thread-1
2024-12-18 15:06:47,982 INFO [main]	create thread:server-work-thread-2
2024-12-18 15:06:47,982 INFO [main]	create thread:server-work-thread-3
2024-12-18 15:06:47,982 INFO [main]	create thread:server-work-thread-4
2024-12-18 15:06:47,982 INFO [main]	create thread:server-work-thread-5
2024-12-18 15:06:47,982 INFO [main]	create thread:server-work-thread-6
2024-12-18 15:06:47,982 INFO [main]	create thread:server-work-thread-7
2024-12-18 15:06:47,982 INFO [main]	create thread:server-work-thread-8
2024-12-18 15:06:47,982 INFO [main]	create thread:server-work-thread-9
2024-12-18 15:06:47,983 INFO [main]	create thread:server-work-thread-10
2024-12-18 15:06:47,983 INFO [main]	create thread:server-work-thread-11
2024-12-18 15:06:47,983 INFO [main]	create thread:server-work-thread-12
2024-12-18 15:06:47,983 INFO [main]	create thread:server-work-thread-13
2024-12-18 15:06:47,983 INFO [main]	create thread:server-work-thread-14
2024-12-18 15:06:47,983 INFO [main]	create thread:server-work-thread-15
2024-12-18 15:06:47,983 INFO [main]	create thread:server-work-thread-16
2024-12-18 15:06:47,983 INFO [main]	create thread:server-work-thread-17
2024-12-18 15:06:47,983 INFO [main]	create thread:server-work-thread-18
2024-12-18 15:06:47,983 INFO [main]	create thread:server-work-thread-19
2024-12-18 15:06:47,983 INFO [main]	create thread:server-work-thread-20
2024-12-18 15:06:47,983 INFO [main]	create thread:server-work-thread-21
2024-12-18 15:06:47,983 INFO [main]	create thread:server-work-thread-22
2024-12-18 15:06:47,983 INFO [main]	create thread:server-work-thread-23
2024-12-18 15:06:47,984 INFO [main]	create thread:server-work-thread-24
2024-12-18 15:06:47,984 INFO [main]	create thread:server-work-thread-25
2024-12-18 15:06:47,984 INFO [main]	create thread:server-work-thread-26
2024-12-18 15:06:47,984 INFO [main]	create thread:server-work-thread-27
2024-12-18 15:06:47,984 INFO [main]	create thread:server-work-thread-28
2024-12-18 15:06:47,984 INFO [main]	create thread:server-work-thread-29
2024-12-18 15:06:47,984 INFO [main]	create thread:server-work-thread-30
2024-12-18 15:06:47,984 INFO [main]	create thread:server-work-thread-31
2024-12-18 15:06:47,984 INFO [main]	create thread:server-work-thread-32
2024-12-18 15:06:47,984 INFO [main]	create thread:server-work-thread-33
2024-12-18 15:06:47,984 INFO [main]	create thread:server-work-thread-34
2024-12-18 15:06:47,984 INFO [main]	create thread:server-work-thread-35
2024-12-18 15:06:47,985 INFO [main]	create thread:server-work-thread-36
2024-12-18 15:06:47,985 INFO [main]	create thread:server-work-thread-37
2024-12-18 15:06:47,985 INFO [main]	create thread:server-work-thread-38
2024-12-18 15:06:47,985 INFO [main]	create thread:server-work-thread-39
2024-12-18 15:06:47,985 INFO [main]	create thread:server-work-thread-40
2024-12-18 15:06:47,985 INFO [main]	create thread:server-work-thread-41
2024-12-18 15:06:47,985 INFO [main]	create thread:server-work-thread-42
2024-12-18 15:06:47,985 INFO [main]	create thread:server-work-thread-43
2024-12-18 15:06:47,985 INFO [main]	create thread:server-work-thread-44
2024-12-18 15:06:47,985 INFO [main]	create thread:server-work-thread-45
2024-12-18 15:06:47,985 INFO [main]	create thread:server-work-thread-46
2024-12-18 15:06:47,985 INFO [main]	create thread:server-work-thread-47
2024-12-18 15:06:47,986 INFO [main]	create thread:server-work-thread-48
2024-12-18 15:06:47,986 INFO [main]	create thread:server-work-thread-49
2024-12-18 15:06:47,986 INFO [main]	create thread:server-work-thread-50
2024-12-18 15:06:47,986 INFO [main]	create thread:server-work-thread-51
2024-12-18 15:06:47,986 INFO [main]	create thread:server-work-thread-52
2024-12-18 15:06:47,986 INFO [main]	create thread:server-work-thread-53
2024-12-18 15:06:47,986 INFO [main]	create thread:server-work-thread-54
2024-12-18 15:06:47,986 INFO [main]	create thread:server-work-thread-55
2024-12-18 15:06:47,986 INFO [main]	create thread:server-work-thread-56
2024-12-18 15:06:47,986 INFO [main]	create thread:server-work-thread-57
2024-12-18 15:06:47,986 INFO [main]	create thread:server-work-thread-58
2024-12-18 15:06:47,986 INFO [main]	create thread:server-work-thread-59
2024-12-18 15:06:47,986 INFO [main]	create thread:server-work-thread-60
2024-12-18 15:06:47,986 INFO [main]	create thread:server-work-thread-61
2024-12-18 15:06:47,986 INFO [main]	create thread:server-work-thread-62
2024-12-18 15:06:47,987 INFO [main]	create thread:server-work-thread-63
2024-12-18 15:06:47,987 INFO [main]	create thread:server-work-thread-64
2024-12-18 15:06:47,987 INFO [main]	create thread:server-work-thread-65
2024-12-18 15:06:47,987 INFO [main]	create thread:server-work-thread-66
2024-12-18 15:06:47,987 INFO [main]	create thread:server-work-thread-67
2024-12-18 15:06:47,987 INFO [main]	create thread:server-work-thread-68
2024-12-18 15:06:47,987 INFO [main]	create thread:server-work-thread-69
2024-12-18 15:06:47,987 INFO [main]	create thread:server-work-thread-70
2024-12-18 15:06:47,987 INFO [main]	create thread:server-work-thread-71
2024-12-18 15:06:47,987 INFO [main]	create thread:server-work-thread-72
2024-12-18 15:06:47,987 INFO [main]	create thread:server-work-thread-73
2024-12-18 15:06:47,987 INFO [main]	create thread:server-work-thread-74
2024-12-18 15:06:47,987 INFO [main]	create thread:server-work-thread-75
2024-12-18 15:06:47,987 INFO [main]	create thread:server-work-thread-76
2024-12-18 15:06:47,987 INFO [main]	create thread:server-work-thread-77
2024-12-18 15:06:47,987 INFO [main]	create thread:server-work-thread-78
2024-12-18 15:06:47,987 INFO [main]	create thread:server-work-thread-79
2024-12-18 15:06:47,987 INFO [main]	create thread:server-work-thread-80
2024-12-18 15:06:47,988 INFO [main]	create thread:server-work-thread-81
2024-12-18 15:06:47,988 INFO [main]	create thread:server-work-thread-82
2024-12-18 15:06:47,988 INFO [main]	create thread:server-work-thread-83
2024-12-18 15:06:47,988 INFO [main]	create thread:server-work-thread-84
2024-12-18 15:06:47,988 INFO [main]	create thread:server-work-thread-85
2024-12-18 15:06:47,988 INFO [main]	create thread:server-work-thread-86
2024-12-18 15:06:47,988 INFO [main]	create thread:server-work-thread-87
2024-12-18 15:06:47,988 INFO [main]	create thread:server-work-thread-88
2024-12-18 15:06:47,988 INFO [main]	create thread:server-work-thread-89
2024-12-18 15:06:47,988 INFO [main]	create thread:server-work-thread-90
2024-12-18 15:06:47,988 INFO [main]	create thread:server-work-thread-91
2024-12-18 15:06:47,990 INFO [main]	create thread:server-work-thread-92
2024-12-18 15:06:47,990 INFO [main]	create thread:server-work-thread-93
2024-12-18 15:06:47,990 INFO [main]	create thread:server-work-thread-94
2024-12-18 15:06:47,990 INFO [main]	create thread:server-work-thread-95
2024-12-18 15:06:47,990 INFO [main]	create thread:server-work-thread-96
2024-12-18 15:06:47,990 INFO [main]	create thread:server-work-thread-97
2024-12-18 15:06:47,990 INFO [main]	create thread:server-work-thread-98
2024-12-18 15:06:47,990 INFO [main]	create thread:server-work-thread-99
2024-12-18 15:06:47,990 INFO [main]	create thread:server-work-thread-100
2024-12-18 15:06:47,990 INFO [main]	create thread:server-work-thread-101
2024-12-18 15:06:47,990 INFO [main]	create thread:server-work-thread-102
2024-12-18 15:06:47,990 INFO [main]	create thread:server-work-thread-103
2024-12-18 15:06:47,991 INFO [main]	create thread:server-work-thread-104
2024-12-18 15:06:47,991 INFO [main]	create thread:server-work-thread-105
2024-12-18 15:06:47,991 INFO [main]	create thread:server-work-thread-106
2024-12-18 15:06:47,991 INFO [main]	create thread:server-work-thread-107
2024-12-18 15:06:47,991 INFO [main]	create thread:server-work-thread-108
2024-12-18 15:06:47,991 INFO [main]	create thread:server-work-thread-109
2024-12-18 15:06:47,991 INFO [main]	create thread:server-work-thread-110
2024-12-18 15:06:48,005 INFO [main]	use jdk nio event mode
2024-12-18 15:06:48,012 INFO [main]	create thread:timeout-timer-thread-1
2024-12-18 15:06:48,048 INFO [Thread-0]	Brpc do clean work...
2024-12-18 15:06:48,049 INFO [Thread-0]	invoke shutdownGlobalThreadPools
2024-12-18 15:06:48,049 INFO [Thread-1]	create thread:server-acceptor-thread-1
2024-12-18 15:09:49,595 INFO [main]	register protocol:1 success
2024-12-18 15:09:49,612 INFO [main]	register protocol:29 success
2024-12-18 15:09:49,613 INFO [main]	register protocol:4 success
2024-12-18 15:09:49,614 INFO [main]	register protocol:3 success
2024-12-18 15:09:49,615 INFO [main]	register protocol:31 success
2024-12-18 15:09:49,615 INFO [main]	register protocol:28 success
2024-12-18 15:09:49,615 INFO [main]	register protocol:32 success
2024-12-18 15:09:49,616 INFO [main]	register protocol:33 success
2024-12-18 15:09:49,616 INFO [main]	register protocol:30 success
2024-12-18 15:09:49,616 INFO [main]	register load balance factory:RandomLoadBalanceFactory success
2024-12-18 15:09:49,617 INFO [main]	register load balance factory:RoundRobinLoadBalanceFactory success
2024-12-18 15:09:49,617 INFO [main]	register load balance factory:WeightLoadBalanceFactory success
2024-12-18 15:09:49,617 INFO [main]	register load balance factory:FairLoadBalanceFactory success
2024-12-18 15:09:49,619 INFO [main]	create thread:server-work-thread-1
2024-12-18 15:09:49,619 INFO [main]	create thread:server-work-thread-2
2024-12-18 15:09:49,619 INFO [main]	create thread:server-work-thread-3
2024-12-18 15:09:49,619 INFO [main]	create thread:server-work-thread-4
2024-12-18 15:09:49,619 INFO [main]	create thread:server-work-thread-5
2024-12-18 15:09:49,619 INFO [main]	create thread:server-work-thread-6
2024-12-18 15:09:49,620 INFO [main]	create thread:server-work-thread-7
2024-12-18 15:09:49,620 INFO [main]	create thread:server-work-thread-8
2024-12-18 15:09:49,620 INFO [main]	create thread:server-work-thread-9
2024-12-18 15:09:49,620 INFO [main]	create thread:server-work-thread-10
2024-12-18 15:09:49,620 INFO [main]	create thread:server-work-thread-11
2024-12-18 15:09:49,620 INFO [main]	create thread:server-work-thread-12
2024-12-18 15:09:49,620 INFO [main]	create thread:server-work-thread-13
2024-12-18 15:09:49,620 INFO [main]	create thread:server-work-thread-14
2024-12-18 15:09:49,620 INFO [main]	create thread:server-work-thread-15
2024-12-18 15:09:49,620 INFO [main]	create thread:server-work-thread-16
2024-12-18 15:09:49,620 INFO [main]	create thread:server-work-thread-17
2024-12-18 15:09:49,620 INFO [main]	create thread:server-work-thread-18
2024-12-18 15:09:49,620 INFO [main]	create thread:server-work-thread-19
2024-12-18 15:09:49,620 INFO [main]	create thread:server-work-thread-20
2024-12-18 15:09:49,620 INFO [main]	create thread:server-work-thread-21
2024-12-18 15:09:49,621 INFO [main]	create thread:server-work-thread-22
2024-12-18 15:09:49,621 INFO [main]	create thread:server-work-thread-23
2024-12-18 15:09:49,621 INFO [main]	create thread:server-work-thread-24
2024-12-18 15:09:49,621 INFO [main]	create thread:server-work-thread-25
2024-12-18 15:09:49,621 INFO [main]	create thread:server-work-thread-26
2024-12-18 15:09:49,621 INFO [main]	create thread:server-work-thread-27
2024-12-18 15:09:49,621 INFO [main]	create thread:server-work-thread-28
2024-12-18 15:09:49,621 INFO [main]	create thread:server-work-thread-29
2024-12-18 15:09:49,621 INFO [main]	create thread:server-work-thread-30
2024-12-18 15:09:49,621 INFO [main]	create thread:server-work-thread-31
2024-12-18 15:09:49,621 INFO [main]	create thread:server-work-thread-32
2024-12-18 15:09:49,621 INFO [main]	create thread:server-work-thread-33
2024-12-18 15:09:49,621 INFO [main]	create thread:server-work-thread-34
2024-12-18 15:09:49,621 INFO [main]	create thread:server-work-thread-35
2024-12-18 15:09:49,622 INFO [main]	create thread:server-work-thread-36
2024-12-18 15:09:49,622 INFO [main]	create thread:server-work-thread-37
2024-12-18 15:09:49,622 INFO [main]	create thread:server-work-thread-38
2024-12-18 15:09:49,622 INFO [main]	create thread:server-work-thread-39
2024-12-18 15:09:49,622 INFO [main]	create thread:server-work-thread-40
2024-12-18 15:09:49,622 INFO [main]	create thread:server-work-thread-41
2024-12-18 15:09:49,622 INFO [main]	create thread:server-work-thread-42
2024-12-18 15:09:49,622 INFO [main]	create thread:server-work-thread-43
2024-12-18 15:09:49,622 INFO [main]	create thread:server-work-thread-44
2024-12-18 15:09:49,622 INFO [main]	create thread:server-work-thread-45
2024-12-18 15:09:49,622 INFO [main]	create thread:server-work-thread-46
2024-12-18 15:09:49,622 INFO [main]	create thread:server-work-thread-47
2024-12-18 15:09:49,622 INFO [main]	create thread:server-work-thread-48
2024-12-18 15:09:49,622 INFO [main]	create thread:server-work-thread-49
2024-12-18 15:09:49,623 INFO [main]	create thread:server-work-thread-50
2024-12-18 15:09:49,623 INFO [main]	create thread:server-work-thread-51
2024-12-18 15:09:49,623 INFO [main]	create thread:server-work-thread-52
2024-12-18 15:09:49,623 INFO [main]	create thread:server-work-thread-53
2024-12-18 15:09:49,623 INFO [main]	create thread:server-work-thread-54
2024-12-18 15:09:49,623 INFO [main]	create thread:server-work-thread-55
2024-12-18 15:09:49,623 INFO [main]	create thread:server-work-thread-56
2024-12-18 15:09:49,623 INFO [main]	create thread:server-work-thread-57
2024-12-18 15:09:49,623 INFO [main]	create thread:server-work-thread-58
2024-12-18 15:09:49,623 INFO [main]	create thread:server-work-thread-59
2024-12-18 15:09:49,623 INFO [main]	create thread:server-work-thread-60
2024-12-18 15:09:49,623 INFO [main]	create thread:server-work-thread-61
2024-12-18 15:09:49,623 INFO [main]	create thread:server-work-thread-62
2024-12-18 15:09:49,623 INFO [main]	create thread:server-work-thread-63
2024-12-18 15:09:49,624 INFO [main]	create thread:server-work-thread-64
2024-12-18 15:09:49,624 INFO [main]	create thread:server-work-thread-65
2024-12-18 15:09:49,624 INFO [main]	create thread:server-work-thread-66
2024-12-18 15:09:49,624 INFO [main]	create thread:server-work-thread-67
2024-12-18 15:09:49,624 INFO [main]	create thread:server-work-thread-68
2024-12-18 15:09:49,624 INFO [main]	create thread:server-work-thread-69
2024-12-18 15:09:49,624 INFO [main]	create thread:server-work-thread-70
2024-12-18 15:09:49,624 INFO [main]	create thread:server-work-thread-71
2024-12-18 15:09:49,624 INFO [main]	create thread:server-work-thread-72
2024-12-18 15:09:49,624 INFO [main]	create thread:server-work-thread-73
2024-12-18 15:09:49,624 INFO [main]	create thread:server-work-thread-74
2024-12-18 15:09:49,624 INFO [main]	create thread:server-work-thread-75
2024-12-18 15:09:49,624 INFO [main]	create thread:server-work-thread-76
2024-12-18 15:09:49,624 INFO [main]	create thread:server-work-thread-77
2024-12-18 15:09:49,624 INFO [main]	create thread:server-work-thread-78
2024-12-18 15:09:49,624 INFO [main]	create thread:server-work-thread-79
2024-12-18 15:09:49,624 INFO [main]	create thread:server-work-thread-80
2024-12-18 15:09:49,625 INFO [main]	create thread:server-work-thread-81
2024-12-18 15:09:49,625 INFO [main]	create thread:server-work-thread-82
2024-12-18 15:09:49,625 INFO [main]	create thread:server-work-thread-83
2024-12-18 15:09:49,625 INFO [main]	create thread:server-work-thread-84
2024-12-18 15:09:49,625 INFO [main]	create thread:server-work-thread-85
2024-12-18 15:09:49,625 INFO [main]	create thread:server-work-thread-86
2024-12-18 15:09:49,625 INFO [main]	create thread:server-work-thread-87
2024-12-18 15:09:49,625 INFO [main]	create thread:server-work-thread-88
2024-12-18 15:09:49,625 INFO [main]	create thread:server-work-thread-89
2024-12-18 15:09:49,625 INFO [main]	create thread:server-work-thread-90
2024-12-18 15:09:49,625 INFO [main]	create thread:server-work-thread-91
2024-12-18 15:09:49,625 INFO [main]	create thread:server-work-thread-92
2024-12-18 15:09:49,627 INFO [main]	create thread:server-work-thread-93
2024-12-18 15:09:49,627 INFO [main]	create thread:server-work-thread-94
2024-12-18 15:09:49,627 INFO [main]	create thread:server-work-thread-95
2024-12-18 15:09:49,627 INFO [main]	create thread:server-work-thread-96
2024-12-18 15:09:49,627 INFO [main]	create thread:server-work-thread-97
2024-12-18 15:09:49,627 INFO [main]	create thread:server-work-thread-98
2024-12-18 15:09:49,627 INFO [main]	create thread:server-work-thread-99
2024-12-18 15:09:49,627 INFO [main]	create thread:server-work-thread-100
2024-12-18 15:09:49,627 INFO [main]	create thread:server-work-thread-101
2024-12-18 15:09:49,627 INFO [main]	create thread:server-work-thread-102
2024-12-18 15:09:49,627 INFO [main]	create thread:server-work-thread-103
2024-12-18 15:09:49,627 INFO [main]	create thread:server-work-thread-104
2024-12-18 15:09:49,627 INFO [main]	create thread:server-work-thread-105
2024-12-18 15:09:49,627 INFO [main]	create thread:server-work-thread-106
2024-12-18 15:09:49,627 INFO [main]	create thread:server-work-thread-107
2024-12-18 15:09:49,627 INFO [main]	create thread:server-work-thread-108
2024-12-18 15:09:49,628 INFO [main]	create thread:server-work-thread-109
2024-12-18 15:09:49,628 INFO [main]	create thread:server-work-thread-110
2024-12-18 15:09:49,641 INFO [main]	use jdk nio event mode
2024-12-18 15:09:49,649 INFO [main]	create thread:timeout-timer-thread-1
2024-12-18 15:09:49,685 INFO [Thread-0]	Brpc do clean work...
2024-12-18 15:09:49,685 INFO [Thread-0]	invoke shutdownGlobalThreadPools
2024-12-18 15:09:49,685 INFO [Thread-1]	create thread:server-acceptor-thread-1
2024-12-18 15:25:36,806 INFO [main]	register protocol:1 success
2024-12-18 15:25:36,824 INFO [main]	register protocol:29 success
2024-12-18 15:25:36,825 INFO [main]	register protocol:4 success
2024-12-18 15:25:36,827 INFO [main]	register protocol:3 success
2024-12-18 15:25:36,827 INFO [main]	register protocol:31 success
2024-12-18 15:25:36,827 INFO [main]	register protocol:28 success
2024-12-18 15:25:36,828 INFO [main]	register protocol:32 success
2024-12-18 15:25:36,828 INFO [main]	register protocol:33 success
2024-12-18 15:25:36,828 INFO [main]	register protocol:30 success
2024-12-18 15:25:36,829 INFO [main]	register load balance factory:RandomLoadBalanceFactory success
2024-12-18 15:25:36,829 INFO [main]	register load balance factory:RoundRobinLoadBalanceFactory success
2024-12-18 15:25:36,829 INFO [main]	register load balance factory:WeightLoadBalanceFactory success
2024-12-18 15:25:36,829 INFO [main]	register load balance factory:FairLoadBalanceFactory success
2024-12-18 15:25:36,832 INFO [main]	create thread:server-work-thread-1
2024-12-18 15:25:36,832 INFO [main]	create thread:server-work-thread-2
2024-12-18 15:25:36,832 INFO [main]	create thread:server-work-thread-3
2024-12-18 15:25:36,832 INFO [main]	create thread:server-work-thread-4
2024-12-18 15:25:36,832 INFO [main]	create thread:server-work-thread-5
2024-12-18 15:25:36,832 INFO [main]	create thread:server-work-thread-6
2024-12-18 15:25:36,832 INFO [main]	create thread:server-work-thread-7
2024-12-18 15:25:36,832 INFO [main]	create thread:server-work-thread-8
2024-12-18 15:25:36,832 INFO [main]	create thread:server-work-thread-9
2024-12-18 15:25:36,833 INFO [main]	create thread:server-work-thread-10
2024-12-18 15:25:36,833 INFO [main]	create thread:server-work-thread-11
2024-12-18 15:25:36,833 INFO [main]	create thread:server-work-thread-12
2024-12-18 15:25:36,833 INFO [main]	create thread:server-work-thread-13
2024-12-18 15:25:36,833 INFO [main]	create thread:server-work-thread-14
2024-12-18 15:25:36,833 INFO [main]	create thread:server-work-thread-15
2024-12-18 15:25:36,833 INFO [main]	create thread:server-work-thread-16
2024-12-18 15:25:36,833 INFO [main]	create thread:server-work-thread-17
2024-12-18 15:25:36,833 INFO [main]	create thread:server-work-thread-18
2024-12-18 15:25:36,833 INFO [main]	create thread:server-work-thread-19
2024-12-18 15:25:36,833 INFO [main]	create thread:server-work-thread-20
2024-12-18 15:25:36,833 INFO [main]	create thread:server-work-thread-21
2024-12-18 15:25:36,833 INFO [main]	create thread:server-work-thread-22
2024-12-18 15:25:36,833 INFO [main]	create thread:server-work-thread-23
2024-12-18 15:25:36,833 INFO [main]	create thread:server-work-thread-24
2024-12-18 15:25:36,833 INFO [main]	create thread:server-work-thread-25
2024-12-18 15:25:36,833 INFO [main]	create thread:server-work-thread-26
2024-12-18 15:25:36,834 INFO [main]	create thread:server-work-thread-27
2024-12-18 15:25:36,834 INFO [main]	create thread:server-work-thread-28
2024-12-18 15:25:36,834 INFO [main]	create thread:server-work-thread-29
2024-12-18 15:25:36,834 INFO [main]	create thread:server-work-thread-30
2024-12-18 15:25:36,834 INFO [main]	create thread:server-work-thread-31
2024-12-18 15:25:36,834 INFO [main]	create thread:server-work-thread-32
2024-12-18 15:25:36,834 INFO [main]	create thread:server-work-thread-33
2024-12-18 15:25:36,834 INFO [main]	create thread:server-work-thread-34
2024-12-18 15:25:36,834 INFO [main]	create thread:server-work-thread-35
2024-12-18 15:25:36,834 INFO [main]	create thread:server-work-thread-36
2024-12-18 15:25:36,834 INFO [main]	create thread:server-work-thread-37
2024-12-18 15:25:36,834 INFO [main]	create thread:server-work-thread-38
2024-12-18 15:25:36,834 INFO [main]	create thread:server-work-thread-39
2024-12-18 15:25:36,834 INFO [main]	create thread:server-work-thread-40
2024-12-18 15:25:36,834 INFO [main]	create thread:server-work-thread-41
2024-12-18 15:25:36,834 INFO [main]	create thread:server-work-thread-42
2024-12-18 15:25:36,835 INFO [main]	create thread:server-work-thread-43
2024-12-18 15:25:36,835 INFO [main]	create thread:server-work-thread-44
2024-12-18 15:25:36,835 INFO [main]	create thread:server-work-thread-45
2024-12-18 15:25:36,835 INFO [main]	create thread:server-work-thread-46
2024-12-18 15:25:36,835 INFO [main]	create thread:server-work-thread-47
2024-12-18 15:25:36,835 INFO [main]	create thread:server-work-thread-48
2024-12-18 15:25:36,835 INFO [main]	create thread:server-work-thread-49
2024-12-18 15:25:36,835 INFO [main]	create thread:server-work-thread-50
2024-12-18 15:25:36,835 INFO [main]	create thread:server-work-thread-51
2024-12-18 15:25:36,835 INFO [main]	create thread:server-work-thread-52
2024-12-18 15:25:36,835 INFO [main]	create thread:server-work-thread-53
2024-12-18 15:25:36,835 INFO [main]	create thread:server-work-thread-54
2024-12-18 15:25:36,835 INFO [main]	create thread:server-work-thread-55
2024-12-18 15:25:36,835 INFO [main]	create thread:server-work-thread-56
2024-12-18 15:25:36,835 INFO [main]	create thread:server-work-thread-57
2024-12-18 15:25:36,836 INFO [main]	create thread:server-work-thread-58
2024-12-18 15:25:36,836 INFO [main]	create thread:server-work-thread-59
2024-12-18 15:25:36,836 INFO [main]	create thread:server-work-thread-60
2024-12-18 15:25:36,836 INFO [main]	create thread:server-work-thread-61
2024-12-18 15:25:36,836 INFO [main]	create thread:server-work-thread-62
2024-12-18 15:25:36,836 INFO [main]	create thread:server-work-thread-63
2024-12-18 15:25:36,836 INFO [main]	create thread:server-work-thread-64
2024-12-18 15:25:36,836 INFO [main]	create thread:server-work-thread-65
2024-12-18 15:25:36,836 INFO [main]	create thread:server-work-thread-66
2024-12-18 15:25:36,836 INFO [main]	create thread:server-work-thread-67
2024-12-18 15:25:36,836 INFO [main]	create thread:server-work-thread-68
2024-12-18 15:25:36,836 INFO [main]	create thread:server-work-thread-69
2024-12-18 15:25:36,836 INFO [main]	create thread:server-work-thread-70
2024-12-18 15:25:36,836 INFO [main]	create thread:server-work-thread-71
2024-12-18 15:25:36,836 INFO [main]	create thread:server-work-thread-72
2024-12-18 15:25:36,836 INFO [main]	create thread:server-work-thread-73
2024-12-18 15:25:36,836 INFO [main]	create thread:server-work-thread-74
2024-12-18 15:25:36,836 INFO [main]	create thread:server-work-thread-75
2024-12-18 15:25:36,836 INFO [main]	create thread:server-work-thread-76
2024-12-18 15:25:36,837 INFO [main]	create thread:server-work-thread-77
2024-12-18 15:25:36,837 INFO [main]	create thread:server-work-thread-78
2024-12-18 15:25:36,837 INFO [main]	create thread:server-work-thread-79
2024-12-18 15:25:36,837 INFO [main]	create thread:server-work-thread-80
2024-12-18 15:25:36,837 INFO [main]	create thread:server-work-thread-81
2024-12-18 15:25:36,837 INFO [main]	create thread:server-work-thread-82
2024-12-18 15:25:36,837 INFO [main]	create thread:server-work-thread-83
2024-12-18 15:25:36,837 INFO [main]	create thread:server-work-thread-84
2024-12-18 15:25:36,837 INFO [main]	create thread:server-work-thread-85
2024-12-18 15:25:36,837 INFO [main]	create thread:server-work-thread-86
2024-12-18 15:25:36,837 INFO [main]	create thread:server-work-thread-87
2024-12-18 15:25:36,837 INFO [main]	create thread:server-work-thread-88
2024-12-18 15:25:36,837 INFO [main]	create thread:server-work-thread-89
2024-12-18 15:25:36,837 INFO [main]	create thread:server-work-thread-90
2024-12-18 15:25:36,837 INFO [main]	create thread:server-work-thread-91
2024-12-18 15:25:36,837 INFO [main]	create thread:server-work-thread-92
2024-12-18 15:25:36,837 INFO [main]	create thread:server-work-thread-93
2024-12-18 15:25:36,837 INFO [main]	create thread:server-work-thread-94
2024-12-18 15:25:36,837 INFO [main]	create thread:server-work-thread-95
2024-12-18 15:25:36,837 INFO [main]	create thread:server-work-thread-96
2024-12-18 15:25:36,838 INFO [main]	create thread:server-work-thread-97
2024-12-18 15:25:36,838 INFO [main]	create thread:server-work-thread-98
2024-12-18 15:25:36,838 INFO [main]	create thread:server-work-thread-99
2024-12-18 15:25:36,838 INFO [main]	create thread:server-work-thread-100
2024-12-18 15:25:36,838 INFO [main]	create thread:server-work-thread-101
2024-12-18 15:25:36,838 INFO [main]	create thread:server-work-thread-102
2024-12-18 15:25:36,838 INFO [main]	create thread:server-work-thread-103
2024-12-18 15:25:36,838 INFO [main]	create thread:server-work-thread-104
2024-12-18 15:25:36,838 INFO [main]	create thread:server-work-thread-105
2024-12-18 15:25:36,838 INFO [main]	create thread:server-work-thread-106
2024-12-18 15:25:36,838 INFO [main]	create thread:server-work-thread-107
2024-12-18 15:25:36,838 INFO [main]	create thread:server-work-thread-108
2024-12-18 15:25:36,838 INFO [main]	create thread:server-work-thread-109
2024-12-18 15:25:36,838 INFO [main]	create thread:server-work-thread-110
2024-12-18 15:25:36,851 INFO [main]	use jdk nio event mode
2024-12-18 15:25:36,860 INFO [main]	create thread:timeout-timer-thread-1
2024-12-18 15:25:36,888 INFO [Thread-0]	Brpc do clean work...
2024-12-18 15:25:36,890 INFO [Thread-0]	invoke shutdownGlobalThreadPools
2024-12-18 15:25:36,891 INFO [Thread-1]	create thread:server-acceptor-thread-1
