2024-12-18 15:06:47,839 INFO [main]	register protocol:1 success
2024-12-18 15:06:47,859 INFO [main]	register protocol:29 success
2024-12-18 15:06:47,861 INFO [main]	register protocol:4 success
2024-12-18 15:06:47,862 INFO [main]	register protocol:3 success
2024-12-18 15:06:47,862 INFO [main]	register protocol:31 success
2024-12-18 15:06:47,863 INFO [main]	register protocol:28 success
2024-12-18 15:06:47,864 INFO [main]	register protocol:32 success
2024-12-18 15:06:47,864 INFO [main]	register protocol:33 success
2024-12-18 15:06:47,864 INFO [main]	register protocol:30 success
2024-12-18 15:06:47,865 INFO [main]	register load balance factory:RandomLoadBalanceFactory success
2024-12-18 15:06:47,865 INFO [main]	register load balance factory:RoundRobinLoadBalanceFactory success
2024-12-18 15:06:47,865 INFO [main]	register load balance factory:WeightLoadBalanceFactory success
2024-12-18 15:06:47,866 INFO [main]	register load balance factory:FairLoadBalanceFactory success
2024-12-18 15:06:47,868 INFO [main]	create thread:server-work-thread-1
2024-12-18 15:06:47,869 INFO [main]	create thread:server-work-thread-2
2024-12-18 15:06:47,869 INFO [main]	create thread:server-work-thread-3
2024-12-18 15:06:47,869 INFO [main]	create thread:server-work-thread-4
2024-12-18 15:06:47,869 INFO [main]	create thread:server-work-thread-5
2024-12-18 15:06:47,869 INFO [main]	create thread:server-work-thread-6
2024-12-18 15:06:47,869 INFO [main]	create thread:server-work-thread-7
2024-12-18 15:06:47,870 INFO [main]	create thread:server-work-thread-8
2024-12-18 15:06:47,870 INFO [main]	create thread:server-work-thread-9
2024-12-18 15:06:47,870 INFO [main]	create thread:server-work-thread-10
2024-12-18 15:06:47,870 INFO [main]	create thread:server-work-thread-11
2024-12-18 15:06:47,870 INFO [main]	create thread:server-work-thread-12
2024-12-18 15:06:47,870 INFO [main]	create thread:server-work-thread-13
2024-12-18 15:06:47,870 INFO [main]	create thread:server-work-thread-14
2024-12-18 15:06:47,870 INFO [main]	create thread:server-work-thread-15
2024-12-18 15:06:47,871 INFO [main]	create thread:server-work-thread-16
2024-12-18 15:06:47,871 INFO [main]	create thread:server-work-thread-17
2024-12-18 15:06:47,871 INFO [main]	create thread:server-work-thread-18
2024-12-18 15:06:47,871 INFO [main]	create thread:server-work-thread-19
2024-12-18 15:06:47,871 INFO [main]	create thread:server-work-thread-20
2024-12-18 15:06:47,872 INFO [main]	create thread:server-work-thread-21
2024-12-18 15:06:47,872 INFO [main]	create thread:server-work-thread-22
2024-12-18 15:06:47,872 INFO [main]	create thread:server-work-thread-23
2024-12-18 15:06:47,872 INFO [main]	create thread:server-work-thread-24
2024-12-18 15:06:47,872 INFO [main]	create thread:server-work-thread-25
2024-12-18 15:06:47,872 INFO [main]	create thread:server-work-thread-26
2024-12-18 15:06:47,872 INFO [main]	create thread:server-work-thread-27
2024-12-18 15:06:47,873 INFO [main]	create thread:server-work-thread-28
2024-12-18 15:06:47,874 INFO [main]	create thread:server-work-thread-29
2024-12-18 15:06:47,874 INFO [main]	create thread:server-work-thread-30
2024-12-18 15:06:47,874 INFO [main]	create thread:server-work-thread-31
2024-12-18 15:06:47,874 INFO [main]	create thread:server-work-thread-32
2024-12-18 15:06:47,874 INFO [main]	create thread:server-work-thread-33
2024-12-18 15:06:47,875 INFO [main]	create thread:server-work-thread-34
2024-12-18 15:06:47,875 INFO [main]	create thread:server-work-thread-35
2024-12-18 15:06:47,875 INFO [main]	create thread:server-work-thread-36
2024-12-18 15:06:47,875 INFO [main]	create thread:server-work-thread-37
2024-12-18 15:06:47,875 INFO [main]	create thread:server-work-thread-38
2024-12-18 15:06:47,875 INFO [main]	create thread:server-work-thread-39
2024-12-18 15:06:47,875 INFO [main]	create thread:server-work-thread-40
2024-12-18 15:06:47,875 INFO [main]	create thread:server-work-thread-41
2024-12-18 15:06:47,875 INFO [main]	create thread:server-work-thread-42
2024-12-18 15:06:47,875 INFO [main]	create thread:server-work-thread-43
2024-12-18 15:06:47,875 INFO [main]	create thread:server-work-thread-44
2024-12-18 15:06:47,875 INFO [main]	create thread:server-work-thread-45
2024-12-18 15:06:47,875 INFO [main]	create thread:server-work-thread-46
2024-12-18 15:06:47,876 INFO [main]	create thread:server-work-thread-47
2024-12-18 15:06:47,876 INFO [main]	create thread:server-work-thread-48
2024-12-18 15:06:47,876 INFO [main]	create thread:server-work-thread-49
2024-12-18 15:06:47,876 INFO [main]	create thread:server-work-thread-50
2024-12-18 15:06:47,876 INFO [main]	create thread:server-work-thread-51
2024-12-18 15:06:47,876 INFO [main]	create thread:server-work-thread-52
2024-12-18 15:06:47,876 INFO [main]	create thread:server-work-thread-53
2024-12-18 15:06:47,876 INFO [main]	create thread:server-work-thread-54
2024-12-18 15:06:47,876 INFO [main]	create thread:server-work-thread-55
2024-12-18 15:06:47,876 INFO [main]	create thread:server-work-thread-56
2024-12-18 15:06:47,877 INFO [main]	create thread:server-work-thread-57
2024-12-18 15:06:47,877 INFO [main]	create thread:server-work-thread-58
2024-12-18 15:06:47,878 INFO [main]	create thread:server-work-thread-59
2024-12-18 15:06:47,878 INFO [main]	create thread:server-work-thread-60
2024-12-18 15:06:47,878 INFO [main]	create thread:server-work-thread-61
2024-12-18 15:06:47,878 INFO [main]	create thread:server-work-thread-62
2024-12-18 15:06:47,878 INFO [main]	create thread:server-work-thread-63
2024-12-18 15:06:47,878 INFO [main]	create thread:server-work-thread-64
2024-12-18 15:06:47,878 INFO [main]	create thread:server-work-thread-65
2024-12-18 15:06:47,879 INFO [main]	create thread:server-work-thread-66
2024-12-18 15:06:47,879 INFO [main]	create thread:server-work-thread-67
2024-12-18 15:06:47,879 INFO [main]	create thread:server-work-thread-68
2024-12-18 15:06:47,879 INFO [main]	create thread:server-work-thread-69
2024-12-18 15:06:47,879 INFO [main]	create thread:server-work-thread-70
2024-12-18 15:06:47,879 INFO [main]	create thread:server-work-thread-71
2024-12-18 15:06:47,879 INFO [main]	create thread:server-work-thread-72
2024-12-18 15:06:47,880 INFO [main]	create thread:server-work-thread-73
2024-12-18 15:06:47,880 INFO [main]	create thread:server-work-thread-74
2024-12-18 15:06:47,880 INFO [main]	create thread:server-work-thread-75
2024-12-18 15:06:47,880 INFO [main]	create thread:server-work-thread-76
2024-12-18 15:06:47,880 INFO [main]	create thread:server-work-thread-77
2024-12-18 15:06:47,881 INFO [main]	create thread:server-work-thread-78
2024-12-18 15:06:47,881 INFO [main]	create thread:server-work-thread-79
2024-12-18 15:06:47,881 INFO [main]	create thread:server-work-thread-80
2024-12-18 15:06:47,881 INFO [main]	create thread:server-work-thread-81
2024-12-18 15:06:47,881 INFO [main]	create thread:server-work-thread-82
2024-12-18 15:06:47,881 INFO [main]	create thread:server-work-thread-83
2024-12-18 15:06:47,882 INFO [main]	create thread:server-work-thread-84
2024-12-18 15:06:47,882 INFO [main]	create thread:server-work-thread-85
2024-12-18 15:06:47,882 INFO [main]	create thread:server-work-thread-86
2024-12-18 15:06:47,882 INFO [main]	create thread:server-work-thread-87
2024-12-18 15:06:47,883 INFO [main]	create thread:server-work-thread-88
2024-12-18 15:06:47,884 INFO [main]	create thread:server-work-thread-89
2024-12-18 15:06:47,885 INFO [main]	create thread:server-work-thread-90
2024-12-18 15:06:47,885 INFO [main]	create thread:server-work-thread-91
2024-12-18 15:06:47,886 INFO [main]	create thread:server-work-thread-92
2024-12-18 15:06:47,886 INFO [main]	create thread:server-work-thread-93
2024-12-18 15:06:47,886 INFO [main]	create thread:server-work-thread-94
2024-12-18 15:06:47,886 INFO [main]	create thread:server-work-thread-95
2024-12-18 15:06:47,886 INFO [main]	create thread:server-work-thread-96
2024-12-18 15:06:47,887 INFO [main]	create thread:server-work-thread-97
2024-12-18 15:06:47,890 INFO [main]	create thread:server-work-thread-98
2024-12-18 15:06:47,890 INFO [main]	create thread:server-work-thread-99
2024-12-18 15:06:47,891 INFO [main]	create thread:server-work-thread-100
2024-12-18 15:06:47,891 INFO [main]	create thread:server-work-thread-101
2024-12-18 15:06:47,891 INFO [main]	create thread:server-work-thread-102
2024-12-18 15:06:47,891 INFO [main]	create thread:server-work-thread-103
2024-12-18 15:06:47,891 INFO [main]	create thread:server-work-thread-104
2024-12-18 15:06:47,892 INFO [main]	create thread:server-work-thread-105
2024-12-18 15:06:47,892 INFO [main]	create thread:server-work-thread-106
2024-12-18 15:06:47,892 INFO [main]	create thread:server-work-thread-107
2024-12-18 15:06:47,892 INFO [main]	create thread:server-work-thread-108
2024-12-18 15:06:47,892 INFO [main]	create thread:server-work-thread-109
2024-12-18 15:06:47,892 INFO [main]	create thread:server-work-thread-110
2024-12-18 15:06:47,909 INFO [main]	use jdk nio event mode
2024-12-18 15:06:47,919 INFO [main]	create thread:timeout-timer-thread-1
2024-12-18 15:06:47,968 INFO [Thread-1]	create thread:server-acceptor-thread-1
2024-12-18 15:06:47,968 INFO [Thread-0]	Brpc do clean work...
2024-12-18 15:06:47,969 INFO [Thread-0]	invoke shutdownGlobalThreadPools
2024-12-18 15:09:49,463 INFO [main]	register protocol:1 success
2024-12-18 15:09:49,483 INFO [main]	register protocol:29 success
2024-12-18 15:09:49,484 INFO [main]	register protocol:4 success
2024-12-18 15:09:49,485 INFO [main]	register protocol:3 success
2024-12-18 15:09:49,486 INFO [main]	register protocol:31 success
2024-12-18 15:09:49,486 INFO [main]	register protocol:28 success
2024-12-18 15:09:49,487 INFO [main]	register protocol:32 success
2024-12-18 15:09:49,488 INFO [main]	register protocol:33 success
2024-12-18 15:09:49,488 INFO [main]	register protocol:30 success
2024-12-18 15:09:49,489 INFO [main]	register load balance factory:RandomLoadBalanceFactory success
2024-12-18 15:09:49,490 INFO [main]	register load balance factory:RoundRobinLoadBalanceFactory success
2024-12-18 15:09:49,490 INFO [main]	register load balance factory:WeightLoadBalanceFactory success
2024-12-18 15:09:49,490 INFO [main]	register load balance factory:FairLoadBalanceFactory success
2024-12-18 15:09:49,493 INFO [main]	create thread:server-work-thread-1
2024-12-18 15:09:49,494 INFO [main]	create thread:server-work-thread-2
2024-12-18 15:09:49,494 INFO [main]	create thread:server-work-thread-3
2024-12-18 15:09:49,495 INFO [main]	create thread:server-work-thread-4
2024-12-18 15:09:49,496 INFO [main]	create thread:server-work-thread-5
2024-12-18 15:09:49,496 INFO [main]	create thread:server-work-thread-6
2024-12-18 15:09:49,496 INFO [main]	create thread:server-work-thread-7
2024-12-18 15:09:49,496 INFO [main]	create thread:server-work-thread-8
2024-12-18 15:09:49,496 INFO [main]	create thread:server-work-thread-9
2024-12-18 15:09:49,496 INFO [main]	create thread:server-work-thread-10
2024-12-18 15:09:49,497 INFO [main]	create thread:server-work-thread-11
2024-12-18 15:09:49,497 INFO [main]	create thread:server-work-thread-12
2024-12-18 15:09:49,497 INFO [main]	create thread:server-work-thread-13
2024-12-18 15:09:49,497 INFO [main]	create thread:server-work-thread-14
2024-12-18 15:09:49,497 INFO [main]	create thread:server-work-thread-15
2024-12-18 15:09:49,497 INFO [main]	create thread:server-work-thread-16
2024-12-18 15:09:49,497 INFO [main]	create thread:server-work-thread-17
2024-12-18 15:09:49,497 INFO [main]	create thread:server-work-thread-18
2024-12-18 15:09:49,497 INFO [main]	create thread:server-work-thread-19
2024-12-18 15:09:49,498 INFO [main]	create thread:server-work-thread-20
2024-12-18 15:09:49,498 INFO [main]	create thread:server-work-thread-21
2024-12-18 15:09:49,498 INFO [main]	create thread:server-work-thread-22
2024-12-18 15:09:49,498 INFO [main]	create thread:server-work-thread-23
2024-12-18 15:09:49,498 INFO [main]	create thread:server-work-thread-24
2024-12-18 15:09:49,498 INFO [main]	create thread:server-work-thread-25
2024-12-18 15:09:49,499 INFO [main]	create thread:server-work-thread-26
2024-12-18 15:09:49,500 INFO [main]	create thread:server-work-thread-27
2024-12-18 15:09:49,500 INFO [main]	create thread:server-work-thread-28
2024-12-18 15:09:49,500 INFO [main]	create thread:server-work-thread-29
2024-12-18 15:09:49,500 INFO [main]	create thread:server-work-thread-30
2024-12-18 15:09:49,500 INFO [main]	create thread:server-work-thread-31
2024-12-18 15:09:49,500 INFO [main]	create thread:server-work-thread-32
2024-12-18 15:09:49,501 INFO [main]	create thread:server-work-thread-33
2024-12-18 15:09:49,501 INFO [main]	create thread:server-work-thread-34
2024-12-18 15:09:49,501 INFO [main]	create thread:server-work-thread-35
2024-12-18 15:09:49,501 INFO [main]	create thread:server-work-thread-36
2024-12-18 15:09:49,501 INFO [main]	create thread:server-work-thread-37
2024-12-18 15:09:49,501 INFO [main]	create thread:server-work-thread-38
2024-12-18 15:09:49,501 INFO [main]	create thread:server-work-thread-39
2024-12-18 15:09:49,501 INFO [main]	create thread:server-work-thread-40
2024-12-18 15:09:49,501 INFO [main]	create thread:server-work-thread-41
2024-12-18 15:09:49,501 INFO [main]	create thread:server-work-thread-42
2024-12-18 15:09:49,501 INFO [main]	create thread:server-work-thread-43
2024-12-18 15:09:49,501 INFO [main]	create thread:server-work-thread-44
2024-12-18 15:09:49,501 INFO [main]	create thread:server-work-thread-45
2024-12-18 15:09:49,502 INFO [main]	create thread:server-work-thread-46
2024-12-18 15:09:49,502 INFO [main]	create thread:server-work-thread-47
2024-12-18 15:09:49,502 INFO [main]	create thread:server-work-thread-48
2024-12-18 15:09:49,502 INFO [main]	create thread:server-work-thread-49
2024-12-18 15:09:49,502 INFO [main]	create thread:server-work-thread-50
2024-12-18 15:09:49,502 INFO [main]	create thread:server-work-thread-51
2024-12-18 15:09:49,502 INFO [main]	create thread:server-work-thread-52
2024-12-18 15:09:49,502 INFO [main]	create thread:server-work-thread-53
2024-12-18 15:09:49,503 INFO [main]	create thread:server-work-thread-54
2024-12-18 15:09:49,503 INFO [main]	create thread:server-work-thread-55
2024-12-18 15:09:49,503 INFO [main]	create thread:server-work-thread-56
2024-12-18 15:09:49,503 INFO [main]	create thread:server-work-thread-57
2024-12-18 15:09:49,503 INFO [main]	create thread:server-work-thread-58
2024-12-18 15:09:49,503 INFO [main]	create thread:server-work-thread-59
2024-12-18 15:09:49,504 INFO [main]	create thread:server-work-thread-60
2024-12-18 15:09:49,504 INFO [main]	create thread:server-work-thread-61
2024-12-18 15:09:49,504 INFO [main]	create thread:server-work-thread-62
2024-12-18 15:09:49,504 INFO [main]	create thread:server-work-thread-63
2024-12-18 15:09:49,504 INFO [main]	create thread:server-work-thread-64
2024-12-18 15:09:49,504 INFO [main]	create thread:server-work-thread-65
2024-12-18 15:09:49,505 INFO [main]	create thread:server-work-thread-66
2024-12-18 15:09:49,505 INFO [main]	create thread:server-work-thread-67
2024-12-18 15:09:49,505 INFO [main]	create thread:server-work-thread-68
2024-12-18 15:09:49,505 INFO [main]	create thread:server-work-thread-69
2024-12-18 15:09:49,506 INFO [main]	create thread:server-work-thread-70
2024-12-18 15:09:49,506 INFO [main]	create thread:server-work-thread-71
2024-12-18 15:09:49,506 INFO [main]	create thread:server-work-thread-72
2024-12-18 15:09:49,506 INFO [main]	create thread:server-work-thread-73
2024-12-18 15:09:49,506 INFO [main]	create thread:server-work-thread-74
2024-12-18 15:09:49,506 INFO [main]	create thread:server-work-thread-75
2024-12-18 15:09:49,506 INFO [main]	create thread:server-work-thread-76
2024-12-18 15:09:49,506 INFO [main]	create thread:server-work-thread-77
2024-12-18 15:09:49,507 INFO [main]	create thread:server-work-thread-78
2024-12-18 15:09:49,507 INFO [main]	create thread:server-work-thread-79
2024-12-18 15:09:49,507 INFO [main]	create thread:server-work-thread-80
2024-12-18 15:09:49,507 INFO [main]	create thread:server-work-thread-81
2024-12-18 15:09:49,507 INFO [main]	create thread:server-work-thread-82
2024-12-18 15:09:49,508 INFO [main]	create thread:server-work-thread-83
2024-12-18 15:09:49,508 INFO [main]	create thread:server-work-thread-84
2024-12-18 15:09:49,508 INFO [main]	create thread:server-work-thread-85
2024-12-18 15:09:49,508 INFO [main]	create thread:server-work-thread-86
2024-12-18 15:09:49,508 INFO [main]	create thread:server-work-thread-87
2024-12-18 15:09:49,508 INFO [main]	create thread:server-work-thread-88
2024-12-18 15:09:49,509 INFO [main]	create thread:server-work-thread-89
2024-12-18 15:09:49,509 INFO [main]	create thread:server-work-thread-90
2024-12-18 15:09:49,509 INFO [main]	create thread:server-work-thread-91
2024-12-18 15:09:49,509 INFO [main]	create thread:server-work-thread-92
2024-12-18 15:09:49,509 INFO [main]	create thread:server-work-thread-93
2024-12-18 15:09:49,509 INFO [main]	create thread:server-work-thread-94
2024-12-18 15:09:49,522 INFO [main]	create thread:server-work-thread-95
2024-12-18 15:09:49,522 INFO [main]	create thread:server-work-thread-96
2024-12-18 15:09:49,522 INFO [main]	create thread:server-work-thread-97
2024-12-18 15:09:49,523 INFO [main]	create thread:server-work-thread-98
2024-12-18 15:09:49,523 INFO [main]	create thread:server-work-thread-99
2024-12-18 15:09:49,524 INFO [main]	create thread:server-work-thread-100
2024-12-18 15:09:49,524 INFO [main]	create thread:server-work-thread-101
2024-12-18 15:09:49,525 INFO [main]	create thread:server-work-thread-102
2024-12-18 15:09:49,525 INFO [main]	create thread:server-work-thread-103
2024-12-18 15:09:49,525 INFO [main]	create thread:server-work-thread-104
2024-12-18 15:09:49,525 INFO [main]	create thread:server-work-thread-105
2024-12-18 15:09:49,525 INFO [main]	create thread:server-work-thread-106
2024-12-18 15:09:49,525 INFO [main]	create thread:server-work-thread-107
2024-12-18 15:09:49,525 INFO [main]	create thread:server-work-thread-108
2024-12-18 15:09:49,525 INFO [main]	create thread:server-work-thread-109
2024-12-18 15:09:49,525 INFO [main]	create thread:server-work-thread-110
2024-12-18 15:09:49,541 INFO [main]	use jdk nio event mode
2024-12-18 15:09:49,551 INFO [main]	create thread:timeout-timer-thread-1
2024-12-18 15:09:49,595 INFO [Thread-1]	create thread:server-acceptor-thread-1
2024-12-18 15:09:49,595 INFO [Thread-0]	Brpc do clean work...
2024-12-18 15:25:36,699 INFO [main]	register protocol:1 success
2024-12-18 15:25:36,718 INFO [main]	register protocol:29 success
2024-12-18 15:25:36,719 INFO [main]	register protocol:4 success
2024-12-18 15:25:36,721 INFO [main]	register protocol:3 success
2024-12-18 15:25:36,722 INFO [main]	register protocol:31 success
2024-12-18 15:25:36,722 INFO [main]	register protocol:28 success
2024-12-18 15:25:36,722 INFO [main]	register protocol:32 success
2024-12-18 15:25:36,723 INFO [main]	register protocol:33 success
2024-12-18 15:25:36,723 INFO [main]	register protocol:30 success
2024-12-18 15:25:36,724 INFO [main]	register load balance factory:RandomLoadBalanceFactory success
2024-12-18 15:25:36,724 INFO [main]	register load balance factory:RoundRobinLoadBalanceFactory success
2024-12-18 15:25:36,724 INFO [main]	register load balance factory:WeightLoadBalanceFactory success
2024-12-18 15:25:36,724 INFO [main]	register load balance factory:FairLoadBalanceFactory success
2024-12-18 15:25:36,730 INFO [main]	create thread:server-work-thread-1
2024-12-18 15:25:36,731 INFO [main]	create thread:server-work-thread-2
2024-12-18 15:25:36,731 INFO [main]	create thread:server-work-thread-3
2024-12-18 15:25:36,731 INFO [main]	create thread:server-work-thread-4
2024-12-18 15:25:36,731 INFO [main]	create thread:server-work-thread-5
2024-12-18 15:25:36,731 INFO [main]	create thread:server-work-thread-6
2024-12-18 15:25:36,731 INFO [main]	create thread:server-work-thread-7
2024-12-18 15:25:36,731 INFO [main]	create thread:server-work-thread-8
2024-12-18 15:25:36,731 INFO [main]	create thread:server-work-thread-9
2024-12-18 15:25:36,731 INFO [main]	create thread:server-work-thread-10
2024-12-18 15:25:36,732 INFO [main]	create thread:server-work-thread-11
2024-12-18 15:25:36,732 INFO [main]	create thread:server-work-thread-12
2024-12-18 15:25:36,732 INFO [main]	create thread:server-work-thread-13
2024-12-18 15:25:36,732 INFO [main]	create thread:server-work-thread-14
2024-12-18 15:25:36,732 INFO [main]	create thread:server-work-thread-15
2024-12-18 15:25:36,732 INFO [main]	create thread:server-work-thread-16
2024-12-18 15:25:36,733 INFO [main]	create thread:server-work-thread-17
2024-12-18 15:25:36,733 INFO [main]	create thread:server-work-thread-18
2024-12-18 15:25:36,733 INFO [main]	create thread:server-work-thread-19
2024-12-18 15:25:36,733 INFO [main]	create thread:server-work-thread-20
2024-12-18 15:25:36,733 INFO [main]	create thread:server-work-thread-21
2024-12-18 15:25:36,733 INFO [main]	create thread:server-work-thread-22
2024-12-18 15:25:36,733 INFO [main]	create thread:server-work-thread-23
2024-12-18 15:25:36,733 INFO [main]	create thread:server-work-thread-24
2024-12-18 15:25:36,734 INFO [main]	create thread:server-work-thread-25
2024-12-18 15:25:36,734 INFO [main]	create thread:server-work-thread-26
2024-12-18 15:25:36,734 INFO [main]	create thread:server-work-thread-27
2024-12-18 15:25:36,734 INFO [main]	create thread:server-work-thread-28
2024-12-18 15:25:36,734 INFO [main]	create thread:server-work-thread-29
2024-12-18 15:25:36,734 INFO [main]	create thread:server-work-thread-30
2024-12-18 15:25:36,735 INFO [main]	create thread:server-work-thread-31
2024-12-18 15:25:36,735 INFO [main]	create thread:server-work-thread-32
2024-12-18 15:25:36,735 INFO [main]	create thread:server-work-thread-33
2024-12-18 15:25:36,735 INFO [main]	create thread:server-work-thread-34
2024-12-18 15:25:36,735 INFO [main]	create thread:server-work-thread-35
2024-12-18 15:25:36,735 INFO [main]	create thread:server-work-thread-36
2024-12-18 15:25:36,735 INFO [main]	create thread:server-work-thread-37
2024-12-18 15:25:36,735 INFO [main]	create thread:server-work-thread-38
2024-12-18 15:25:36,735 INFO [main]	create thread:server-work-thread-39
2024-12-18 15:25:36,735 INFO [main]	create thread:server-work-thread-40
2024-12-18 15:25:36,735 INFO [main]	create thread:server-work-thread-41
2024-12-18 15:25:36,735 INFO [main]	create thread:server-work-thread-42
2024-12-18 15:25:36,735 INFO [main]	create thread:server-work-thread-43
2024-12-18 15:25:36,735 INFO [main]	create thread:server-work-thread-44
2024-12-18 15:25:36,735 INFO [main]	create thread:server-work-thread-45
2024-12-18 15:25:36,736 INFO [main]	create thread:server-work-thread-46
2024-12-18 15:25:36,736 INFO [main]	create thread:server-work-thread-47
2024-12-18 15:25:36,736 INFO [main]	create thread:server-work-thread-48
2024-12-18 15:25:36,736 INFO [main]	create thread:server-work-thread-49
2024-12-18 15:25:36,736 INFO [main]	create thread:server-work-thread-50
2024-12-18 15:25:36,736 INFO [main]	create thread:server-work-thread-51
2024-12-18 15:25:36,736 INFO [main]	create thread:server-work-thread-52
2024-12-18 15:25:36,736 INFO [main]	create thread:server-work-thread-53
2024-12-18 15:25:36,736 INFO [main]	create thread:server-work-thread-54
2024-12-18 15:25:36,736 INFO [main]	create thread:server-work-thread-55
2024-12-18 15:25:36,736 INFO [main]	create thread:server-work-thread-56
2024-12-18 15:25:36,736 INFO [main]	create thread:server-work-thread-57
2024-12-18 15:25:36,736 INFO [main]	create thread:server-work-thread-58
2024-12-18 15:25:36,737 INFO [main]	create thread:server-work-thread-59
2024-12-18 15:25:36,737 INFO [main]	create thread:server-work-thread-60
2024-12-18 15:25:36,737 INFO [main]	create thread:server-work-thread-61
2024-12-18 15:25:36,737 INFO [main]	create thread:server-work-thread-62
2024-12-18 15:25:36,737 INFO [main]	create thread:server-work-thread-63
2024-12-18 15:25:36,737 INFO [main]	create thread:server-work-thread-64
2024-12-18 15:25:36,737 INFO [main]	create thread:server-work-thread-65
2024-12-18 15:25:36,737 INFO [main]	create thread:server-work-thread-66
2024-12-18 15:25:36,737 INFO [main]	create thread:server-work-thread-67
2024-12-18 15:25:36,737 INFO [main]	create thread:server-work-thread-68
2024-12-18 15:25:36,737 INFO [main]	create thread:server-work-thread-69
2024-12-18 15:25:36,737 INFO [main]	create thread:server-work-thread-70
2024-12-18 15:25:36,737 INFO [main]	create thread:server-work-thread-71
2024-12-18 15:25:36,737 INFO [main]	create thread:server-work-thread-72
2024-12-18 15:25:36,738 INFO [main]	create thread:server-work-thread-73
2024-12-18 15:25:36,738 INFO [main]	create thread:server-work-thread-74
2024-12-18 15:25:36,738 INFO [main]	create thread:server-work-thread-75
2024-12-18 15:25:36,738 INFO [main]	create thread:server-work-thread-76
2024-12-18 15:25:36,738 INFO [main]	create thread:server-work-thread-77
2024-12-18 15:25:36,738 INFO [main]	create thread:server-work-thread-78
2024-12-18 15:25:36,738 INFO [main]	create thread:server-work-thread-79
2024-12-18 15:25:36,738 INFO [main]	create thread:server-work-thread-80
2024-12-18 15:25:36,738 INFO [main]	create thread:server-work-thread-81
2024-12-18 15:25:36,738 INFO [main]	create thread:server-work-thread-82
2024-12-18 15:25:36,738 INFO [main]	create thread:server-work-thread-83
2024-12-18 15:25:36,739 INFO [main]	create thread:server-work-thread-84
2024-12-18 15:25:36,739 INFO [main]	create thread:server-work-thread-85
2024-12-18 15:25:36,739 INFO [main]	create thread:server-work-thread-86
2024-12-18 15:25:36,739 INFO [main]	create thread:server-work-thread-87
2024-12-18 15:25:36,739 INFO [main]	create thread:server-work-thread-88
2024-12-18 15:25:36,739 INFO [main]	create thread:server-work-thread-89
2024-12-18 15:25:36,739 INFO [main]	create thread:server-work-thread-90
2024-12-18 15:25:36,739 INFO [main]	create thread:server-work-thread-91
2024-12-18 15:25:36,739 INFO [main]	create thread:server-work-thread-92
2024-12-18 15:25:36,739 INFO [main]	create thread:server-work-thread-93
2024-12-18 15:25:36,739 INFO [main]	create thread:server-work-thread-94
2024-12-18 15:25:36,739 INFO [main]	create thread:server-work-thread-95
2024-12-18 15:25:36,740 INFO [main]	create thread:server-work-thread-96
2024-12-18 15:25:36,740 INFO [main]	create thread:server-work-thread-97
2024-12-18 15:25:36,740 INFO [main]	create thread:server-work-thread-98
2024-12-18 15:25:36,740 INFO [main]	create thread:server-work-thread-99
2024-12-18 15:25:36,740 INFO [main]	create thread:server-work-thread-100
2024-12-18 15:25:36,740 INFO [main]	create thread:server-work-thread-101
2024-12-18 15:25:36,740 INFO [main]	create thread:server-work-thread-102
2024-12-18 15:25:36,740 INFO [main]	create thread:server-work-thread-103
2024-12-18 15:25:36,740 INFO [main]	create thread:server-work-thread-104
2024-12-18 15:25:36,740 INFO [main]	create thread:server-work-thread-105
2024-12-18 15:25:36,740 INFO [main]	create thread:server-work-thread-106
2024-12-18 15:25:36,740 INFO [main]	create thread:server-work-thread-107
2024-12-18 15:25:36,740 INFO [main]	create thread:server-work-thread-108
2024-12-18 15:25:36,741 INFO [main]	create thread:server-work-thread-109
2024-12-18 15:25:36,741 INFO [main]	create thread:server-work-thread-110
2024-12-18 15:25:36,757 INFO [main]	use jdk nio event mode
2024-12-18 15:25:36,767 INFO [main]	create thread:timeout-timer-thread-1
2024-12-18 15:25:36,808 INFO [Thread-0]	Brpc do clean work...
2024-12-18 15:25:36,810 INFO [Thread-0]	invoke shutdownGlobalThreadPools
